[ 2017-06-05T13:34:13+08:00 ] ::1 /erongchuang/index.php/Home/Index/index.html
INFO: [ app_init ] --START--
INFO: Run Behavior\BuildLiteBehavior [ RunTime:0.001000s ]
INFO: [ app_init ] --END-- [ RunTime:0.001000s ]
INFO: [ app_begin ] --START--
INFO: Run Behavior\ReadHtmlCacheBehavior [ RunTime:0.009001s ]
INFO: [ app_begin ] --END-- [ RunTime:0.009001s ]
SQL: SHOW COLUMNS FROM `admin_fuwu` [ RunTime:0.0020s ]
SQL: SELECT * FROM `admin_fuwu` ORDER BY id desc LIMIT 4   [ RunTime:0.0010s ]
SQL: SHOW COLUMNS FROM `admin_xinwen` [ RunTime:0.0000s ]
SQL: SELECT * FROM `admin_xinwen` ORDER BY id desc LIMIT 3   [ RunTime:0.0000s ]
SQL: SHOW COLUMNS FROM `admin_anli` [ RunTime:0.0010s ]
SQL: SELECT * FROM `admin_anli` ORDER BY id desc LIMIT 4   [ RunTime:0.0000s ]
SQL: SHOW COLUMNS FROM `admin_index` [ RunTime:0.0000s ]
SQL: SELECT * FROM `admin_index` ORDER BY id asc  [ RunTime:0.0010s ]
SQL: SHOW COLUMNS FROM `admin_guanyu` [ RunTime:0.0000s ]
SQL: SELECT * FROM `admin_guanyu`  [ RunTime:0.0000s ]
SQL: SHOW COLUMNS FROM `admin_lunbo` [ RunTime:0.0010s ]
SQL: SELECT * FROM `admin_lunbo` ORDER BY id desc LIMIT 3   [ RunTime:0.0000s ]
INFO: [ view_parse ] --START--
INFO: [ template_filter ] --START--
INFO: Run Behavior\ContentReplaceBehavior [ RunTime:0.000000s ]
INFO: [ template_filter ] --END-- [ RunTime:0.001000s ]
NOTIC: [2048] Only variables should be passed by reference D:\wamp\www\erongchuang\Application\Runtime\Cache\Home\2a94b8bda04ff446dcedd42276fc99ee.php 第 201 行.
INFO: Run Behavior\ParseTemplateBehavior [ RunTime:0.019001s ]
INFO: [ view_parse ] --END-- [ RunTime:0.019001s ]
INFO: [ view_filter ] --START--
INFO: Run Behavior\WriteHtmlCacheBehavior [ RunTime:0.001000s ]
INFO: [ view_filter ] --END-- [ RunTime:0.001000s ]
INFO: [ app_end ] --START--
INFO: Run Behavior\ShowPageTraceBehavior [ RunTime:0.001000s ]
INFO: [ app_end ] --END-- [ RunTime:0.001000s ]

