[ 2017-04-17T10:56:44+08:00 ] ::1 /class18_tp/css/01.css
INFO: [ app_init ] --START--
INFO: Run Behavior\BuildLiteBehavior [ RunTime:0.000038s ]
INFO: [ app_init ] --END-- [ RunTime:0.000768s ]
ERR: 无法加载模块:Css

[ 2017-04-17T10:56:44+08:00 ] ::1 /class18_tp/images/index_03.png
INFO: [ app_init ] --START--
INFO: Run Behavior\BuildLiteBehavior [ RunTime:0.000075s ]
INFO: [ app_init ] --END-- [ RunTime:0.002899s ]
ERR: 无法加载模块:Images

[ 2017-04-17T10:56:44+08:00 ] ::1 /class18_tp/images/index_07.png
INFO: [ app_init ] --START--
INFO: Run Behavior\BuildLiteBehavior [ RunTime:0.000069s ]
INFO: [ app_init ] --END-- [ RunTime:0.001163s ]
ERR: 无法加载模块:Images

[ 2017-04-17T10:56:44+08:00 ] ::1 /class18_tp/images/sousuo_03.png
INFO: [ app_init ] --START--
INFO: Run Behavior\BuildLiteBehavior [ RunTime:0.000067s ]
INFO: [ app_init ] --END-- [ RunTime:0.001133s ]
ERR: 无法加载模块:Images

[ 2017-04-17T10:56:44+08:00 ] ::1 /class18_tp/images/index_21.png
INFO: [ app_init ] --START--
INFO: Run Behavior\BuildLiteBehavior [ RunTime:0.000071s ]
INFO: [ app_init ] --END-- [ RunTime:0.001183s ]
ERR: 无法加载模块:Images

[ 2017-04-17T10:56:44+08:00 ] ::1 /class18_tp/images/index_23.png
INFO: [ app_init ] --START--
INFO: Run Behavior\BuildLiteBehavior [ RunTime:0.000062s ]
INFO: [ app_init ] --END-- [ RunTime:0.001000s ]
ERR: 无法加载模块:Images

[ 2017-04-17T10:56:44+08:00 ] ::1 /class18_tp/images/index_11.png
INFO: [ app_init ] --START--
INFO: Run Behavior\BuildLiteBehavior [ RunTime:0.000063s ]
INFO: [ app_init ] --END-- [ RunTime:0.001131s ]
ERR: 无法加载模块:Images

[ 2017-04-17T10:56:44+08:00 ] ::1 /class18_tp/images/index_14.png
INFO: [ app_init ] --START--
INFO: Run Behavior\BuildLiteBehavior [ RunTime:0.000069s ]
INFO: [ app_init ] --END-- [ RunTime:0.001174s ]
ERR: 无法加载模块:Images

[ 2017-04-17T10:56:44+08:00 ] ::1 /class18_tp/images/index_18.png
INFO: [ app_init ] --START--
INFO: Run Behavior\BuildLiteBehavior [ RunTime:0.000087s ]
INFO: [ app_init ] --END-- [ RunTime:0.001596s ]
ERR: 无法加载模块:Images

[ 2017-04-17T10:59:32+08:00 ] ::1 /class18_tp/images/sousuo_03.png
INFO: [ app_init ] --START--
INFO: Run Behavior\BuildLiteBehavior [ RunTime:0.000070s ]
INFO: [ app_init ] --END-- [ RunTime:0.001427s ]
ERR: 无法加载模块:Images

[ 2017-04-17T10:59:32+08:00 ] ::1 /class18_tp/images/index_07.png
INFO: [ app_init ] --START--
INFO: Run Behavior\BuildLiteBehavior [ RunTime:0.000068s ]
INFO: [ app_init ] --END-- [ RunTime:0.000997s ]
ERR: 无法加载模块:Images

[ 2017-04-17T10:59:32+08:00 ] ::1 /class18_tp/images/index_14.png
INFO: [ app_init ] --START--
INFO: Run Behavior\BuildLiteBehavior [ RunTime:0.000073s ]
INFO: [ app_init ] --END-- [ RunTime:0.001062s ]
ERR: 无法加载模块:Images

[ 2017-04-17T10:59:32+08:00 ] ::1 /class18_tp/images/index_11.png
INFO: [ app_init ] --START--
INFO: Run Behavior\BuildLiteBehavior [ RunTime:0.000087s ]
INFO: [ app_init ] --END-- [ RunTime:0.001278s ]
ERR: 无法加载模块:Images

[ 2017-04-17T10:59:32+08:00 ] ::1 /class18_tp/images/index_03.png
INFO: [ app_init ] --START--
INFO: Run Behavior\BuildLiteBehavior [ RunTime:0.000066s ]
INFO: [ app_init ] --END-- [ RunTime:0.001002s ]
ERR: 无法加载模块:Images

[ 2017-04-17T10:59:32+08:00 ] ::1 /class18_tp/images/index_18.png
INFO: [ app_init ] --START--
INFO: Run Behavior\BuildLiteBehavior [ RunTime:0.000074s ]
INFO: [ app_init ] --END-- [ RunTime:0.003885s ]
ERR: 无法加载模块:Images

[ 2017-04-17T10:59:32+08:00 ] ::1 /class18_tp/images/index_21.png
INFO: [ app_init ] --START--
INFO: Run Behavior\BuildLiteBehavior [ RunTime:0.000066s ]
INFO: [ app_init ] --END-- [ RunTime:0.001122s ]
ERR: 无法加载模块:Images

[ 2017-04-17T10:59:32+08:00 ] ::1 /class18_tp/images/index_23.png
INFO: [ app_init ] --START--
INFO: Run Behavior\BuildLiteBehavior [ RunTime:0.000079s ]
INFO: [ app_init ] --END-- [ RunTime:0.001038s ]
ERR: 无法加载模块:Images

[ 2017-04-17T11:01:43+08:00 ] ::1 /class18_tp/class18_tp/Public/Home/css/01.css
INFO: [ app_init ] --START--
INFO: Run Behavior\BuildLiteBehavior [ RunTime:0.000078s ]
INFO: [ app_init ] --END-- [ RunTime:0.003706s ]
ERR: 无法加载模块:Class18_tp

[ 2017-04-17T11:01:43+08:00 ] ::1 /class18_tp/images/index_03.png
INFO: [ app_init ] --START--
INFO: Run Behavior\BuildLiteBehavior [ RunTime:0.000076s ]
INFO: [ app_init ] --END-- [ RunTime:0.002516s ]
ERR: 无法加载模块:Images

[ 2017-04-17T11:01:43+08:00 ] ::1 /class18_tp/images/sousuo_03.png
INFO: [ app_init ] --START--
INFO: Run Behavior\BuildLiteBehavior [ RunTime:0.000070s ]
INFO: [ app_init ] --END-- [ RunTime:0.001024s ]
ERR: 无法加载模块:Images

[ 2017-04-17T11:01:43+08:00 ] ::1 /class18_tp/images/index_07.png
INFO: [ app_init ] --START--
INFO: Run Behavior\BuildLiteBehavior [ RunTime:0.000067s ]
INFO: [ app_init ] --END-- [ RunTime:0.047747s ]
ERR: 无法加载模块:Images

[ 2017-04-17T11:01:43+08:00 ] ::1 /class18_tp/images/index_14.png
INFO: [ app_init ] --START--
INFO: Run Behavior\BuildLiteBehavior [ RunTime:0.000070s ]
INFO: [ app_init ] --END-- [ RunTime:0.001102s ]
ERR: 无法加载模块:Images

[ 2017-04-17T11:01:43+08:00 ] ::1 /class18_tp/images/index_18.png
INFO: [ app_init ] --START--
INFO: Run Behavior\BuildLiteBehavior [ RunTime:0.000075s ]
INFO: [ app_init ] --END-- [ RunTime:0.001035s ]
ERR: 无法加载模块:Images

[ 2017-04-17T11:01:43+08:00 ] ::1 /class18_tp/images/index_21.png
INFO: [ app_init ] --START--
INFO: Run Behavior\BuildLiteBehavior [ RunTime:0.000096s ]
INFO: [ app_init ] --END-- [ RunTime:0.001475s ]
ERR: 无法加载模块:Images

[ 2017-04-17T11:01:43+08:00 ] ::1 /class18_tp/images/index_11.png
INFO: [ app_init ] --START--
INFO: Run Behavior\BuildLiteBehavior [ RunTime:0.032790s ]
INFO: [ app_init ] --END-- [ RunTime:0.035266s ]
ERR: 无法加载模块:Images

[ 2017-04-17T11:01:43+08:00 ] ::1 /class18_tp/images/index_23.png
INFO: [ app_init ] --START--
INFO: Run Behavior\BuildLiteBehavior [ RunTime:0.000104s ]
INFO: [ app_init ] --END-- [ RunTime:0.001382s ]
ERR: 无法加载模块:Images

[ 2017-04-17T11:01:47+08:00 ] ::1 /class18_tp/class18_tp/Public/Home/css/01.css
INFO: [ app_init ] --START--
INFO: Run Behavior\BuildLiteBehavior [ RunTime:0.000038s ]
INFO: [ app_init ] --END-- [ RunTime:0.000621s ]
ERR: 无法加载模块:Class18_tp

[ 2017-04-17T11:02:08+08:00 ] ::1 /class18_tp/images/sousuo_03.png
INFO: [ app_init ] --START--
INFO: Run Behavior\BuildLiteBehavior [ RunTime:0.000070s ]
INFO: [ app_init ] --END-- [ RunTime:0.000999s ]
ERR: 无法加载模块:Images

[ 2017-04-17T11:02:08+08:00 ] ::1 /class18_tp/images/index_03.png
INFO: [ app_init ] --START--
INFO: Run Behavior\BuildLiteBehavior [ RunTime:0.000063s ]
INFO: [ app_init ] --END-- [ RunTime:0.001080s ]
ERR: 无法加载模块:Images

[ 2017-04-17T11:02:08+08:00 ] ::1 /class18_tp/images/index_07.png
INFO: [ app_init ] --START--
INFO: Run Behavior\BuildLiteBehavior [ RunTime:0.000072s ]
INFO: [ app_init ] --END-- [ RunTime:0.001638s ]
ERR: 无法加载模块:Images

[ 2017-04-17T11:02:08+08:00 ] ::1 /class18_tp/images/index_14.png
INFO: [ app_init ] --START--
INFO: Run Behavior\BuildLiteBehavior [ RunTime:0.000068s ]
INFO: [ app_init ] --END-- [ RunTime:0.000996s ]
ERR: 无法加载模块:Images

[ 2017-04-17T11:02:08+08:00 ] ::1 /class18_tp/images/index_11.png
INFO: [ app_init ] --START--
INFO: Run Behavior\BuildLiteBehavior [ RunTime:0.000068s ]
INFO: [ app_init ] --END-- [ RunTime:0.001023s ]
ERR: 无法加载模块:Images

[ 2017-04-17T11:02:09+08:00 ] ::1 /class18_tp/images/index_21.png
INFO: [ app_init ] --START--
INFO: Run Behavior\BuildLiteBehavior [ RunTime:0.000069s ]
INFO: [ app_init ] --END-- [ RunTime:0.001018s ]
ERR: 无法加载模块:Images

[ 2017-04-17T11:02:09+08:00 ] ::1 /class18_tp/images/index_18.png
INFO: [ app_init ] --START--
INFO: Run Behavior\BuildLiteBehavior [ RunTime:0.000070s ]
INFO: [ app_init ] --END-- [ RunTime:0.007727s ]
ERR: 无法加载模块:Images

[ 2017-04-17T11:02:09+08:00 ] ::1 /class18_tp/images/index_23.png
INFO: [ app_init ] --START--
INFO: Run Behavior\BuildLiteBehavior [ RunTime:0.000121s ]
INFO: [ app_init ] --END-- [ RunTime:0.015544s ]
ERR: 无法加载模块:Images

