[ 2017-07-29T15:58:56+08:00 ] ::1 /erongchuang/index.php/Xinwen/index/id/10.html
INFO: [ app_init ] --START--
INFO: Run Behavior\BuildLiteBehavior [ RunTime:0.000059s ]
INFO: [ app_init ] --END-- [ RunTime:0.001480s ]
ERR: 无法加载模块:Xinwen

[ 2017-07-29T15:59:15+08:00 ] ::1 /erongchuang/index.php/Xinwen/index/id/15.html
INFO: [ app_init ] --START--
INFO: Run Behavior\BuildLiteBehavior [ RunTime:0.000053s ]
INFO: [ app_init ] --END-- [ RunTime:0.001384s ]
ERR: 无法加载模块:Xinwen

[ 2017-07-29T16:00:04+08:00 ] ::1 /erongchuang/index.php/Xinwen/index/id/10.html
INFO: [ app_init ] --START--
INFO: Run Behavior\BuildLiteBehavior [ RunTime:0.000440s ]
INFO: [ app_init ] --END-- [ RunTime:0.003673s ]
ERR: 无法加载模块:Xinwen

[ 2017-07-29T16:00:22+08:00 ] ::1 /erongchuang/index.php/Xinwen/index/id/10.html
INFO: [ app_init ] --START--
INFO: Run Behavior\BuildLiteBehavior [ RunTime:0.000051s ]
INFO: [ app_init ] --END-- [ RunTime:0.001538s ]
ERR: 无法加载模块:Xinwen

[ 2017-07-29T16:02:38+08:00 ] ::1 /erongchuang/index.php/Xinwen/index/id/25.html
INFO: [ app_init ] --START--
INFO: Run Behavior\BuildLiteBehavior [ RunTime:0.000196s ]
INFO: [ app_init ] --END-- [ RunTime:0.004166s ]
ERR: 无法加载模块:Xinwen

[ 2017-07-29T16:10:15+08:00 ] ::1 /erongchuang/index.php/Xinwen/index/id/25.html
INFO: [ app_init ] --START--
INFO: Run Behavior\BuildLiteBehavior [ RunTime:0.000079s ]
INFO: [ app_init ] --END-- [ RunTime:0.001578s ]
ERR: 无法加载模块:Xinwen

[ 2017-07-29T16:10:31+08:00 ] ::1 /erongchuang/index.php/Xinwen/index/id/24.html
INFO: [ app_init ] --START--
INFO: Run Behavior\BuildLiteBehavior [ RunTime:0.000100s ]
INFO: [ app_init ] --END-- [ RunTime:0.002738s ]
ERR: 无法加载模块:Xinwen

