[ 2017-07-29T11:50:08+08:00 ] ::1 /erongchuang/index.php/admin/Index/index.html
INFO: [ app_init ] --START--
INFO: Run Behavior\BuildLiteBehavior [ RunTime:0.000049s ]
INFO: [ app_init ] --END-- [ RunTime:0.001368s ]
INFO: [ app_begin ] --START--
INFO: Run Behavior\ReadHtmlCacheBehavior [ RunTime:0.001902s ]
INFO: [ app_begin ] --END-- [ RunTime:0.002226s ]
INFO: [ view_parse ] --START--
INFO: [ template_filter ] --START--
INFO: Run Behavior\ContentReplaceBehavior [ RunTime:0.000227s ]
INFO: [ template_filter ] --END-- [ RunTime:0.000421s ]
NOTIC: [8] Undefined index: os C:\wamp\www\erongchuang\Application\Runtime\Cache\Admin\b595b808c2ebeeeb0478ffc30bb4e87a.php 第 143 行.
NOTIC: [8] Undefined index: vs C:\wamp\www\erongchuang\Application\Runtime\Cache\Admin\b595b808c2ebeeeb0478ffc30bb4e87a.php 第 147 行.
NOTIC: [8] Undefined index: ql C:\wamp\www\erongchuang\Application\Runtime\Cache\Admin\b595b808c2ebeeeb0478ffc30bb4e87a.php 第 151 行.
NOTIC: [8] Undefined index: osing C:\wamp\www\erongchuang\Application\Runtime\Cache\Admin\b595b808c2ebeeeb0478ffc30bb4e87a.php 第 158 行.
NOTIC: [8] Undefined index: vsing C:\wamp\www\erongchuang\Application\Runtime\Cache\Admin\b595b808c2ebeeeb0478ffc30bb4e87a.php 第 162 行.
NOTIC: [8] Undefined index: qling C:\wamp\www\erongchuang\Application\Runtime\Cache\Admin\b595b808c2ebeeeb0478ffc30bb4e87a.php 第 166 行.
INFO: Run Behavior\ParseTemplateBehavior [ RunTime:0.022227s ]
INFO: [ view_parse ] --END-- [ RunTime:0.022493s ]
INFO: [ view_filter ] --START--
INFO: Run Behavior\WriteHtmlCacheBehavior [ RunTime:0.001604s ]
INFO: [ view_filter ] --END-- [ RunTime:0.001852s ]
INFO: [ app_end ] --START--
INFO: Run Behavior\ShowPageTraceBehavior [ RunTime:0.001467s ]
INFO: [ app_end ] --END-- [ RunTime:0.001649s ]

[ 2017-07-29T11:50:15+08:00 ] ::1 /erongchuang/index.php/Admin/Nav/index.html
INFO: [ app_init ] --START--
INFO: Run Behavior\BuildLiteBehavior [ RunTime:0.000040s ]
INFO: [ app_init ] --END-- [ RunTime:0.001118s ]
INFO: [ app_begin ] --START--
INFO: Run Behavior\ReadHtmlCacheBehavior [ RunTime:0.001782s ]
INFO: [ app_begin ] --END-- [ RunTime:0.001944s ]
SQL: SHOW COLUMNS FROM `admin_nav` [ RunTime:0.0101s ]
SQL: SELECT COUNT(*) AS tp_count FROM `admin_nav` LIMIT 1   [ RunTime:0.0005s ]
SQL: SELECT * FROM `admin_nav` WHERE ( status=1 ) ORDER BY id asc LIMIT 0,10   [ RunTime:0.0010s ]
INFO: [ view_parse ] --START--
INFO: [ template_filter ] --START--
INFO: Run Behavior\ContentReplaceBehavior [ RunTime:0.000428s ]
INFO: [ template_filter ] --END-- [ RunTime:0.000761s ]
INFO: Run Behavior\ParseTemplateBehavior [ RunTime:0.155473s ]
INFO: [ view_parse ] --END-- [ RunTime:0.155735s ]
INFO: [ view_filter ] --START--
INFO: Run Behavior\WriteHtmlCacheBehavior [ RunTime:0.001467s ]
INFO: [ view_filter ] --END-- [ RunTime:0.001675s ]
INFO: [ app_end ] --START--
INFO: Run Behavior\ShowPageTraceBehavior [ RunTime:0.001605s ]
INFO: [ app_end ] --END-- [ RunTime:0.001794s ]

[ 2017-07-29T11:50:24+08:00 ] ::1 /erongchuang/index.php/Admin/Nav/edit/id/1.html
INFO: [ app_init ] --START--
INFO: Run Behavior\BuildLiteBehavior [ RunTime:0.000038s ]
INFO: [ app_init ] --END-- [ RunTime:0.001169s ]
INFO: [ app_begin ] --START--
INFO: Run Behavior\ReadHtmlCacheBehavior [ RunTime:0.001238s ]
INFO: [ app_begin ] --END-- [ RunTime:0.001396s ]
SQL: SHOW COLUMNS FROM `admin_nav` [ RunTime:0.0353s ]
SQL: SELECT * FROM `admin_nav` WHERE ( id=1 ) LIMIT 1   [ RunTime:0.0034s ]
INFO: [ view_parse ] --START--
INFO: [ template_filter ] --START--
INFO: Run Behavior\ContentReplaceBehavior [ RunTime:0.000697s ]
INFO: [ template_filter ] --END-- [ RunTime:0.001117s ]
INFO: Run Behavior\ParseTemplateBehavior [ RunTime:0.139079s ]
INFO: [ view_parse ] --END-- [ RunTime:0.139829s ]
INFO: [ view_filter ] --START--
INFO: Run Behavior\WriteHtmlCacheBehavior [ RunTime:0.002217s ]
INFO: [ view_filter ] --END-- [ RunTime:0.002804s ]
INFO: [ app_end ] --START--
INFO: Run Behavior\ShowPageTraceBehavior [ RunTime:0.002567s ]
INFO: [ app_end ] --END-- [ RunTime:0.002872s ]

[ 2017-07-29T11:50:31+08:00 ] ::1 /erongchuang/index.php/Admin/Nav/edit/id/1.html
INFO: [ app_init ] --START--
INFO: Run Behavior\BuildLiteBehavior [ RunTime:0.000054s ]
INFO: [ app_init ] --END-- [ RunTime:0.001332s ]
INFO: [ app_begin ] --START--
INFO: Run Behavior\ReadHtmlCacheBehavior [ RunTime:0.002026s ]
INFO: [ app_begin ] --END-- [ RunTime:0.002434s ]
SQL: SHOW COLUMNS FROM `admin_nav` [ RunTime:0.2478s ]
SQL: SELECT * FROM `admin_nav` WHERE ( id=1 ) LIMIT 1   [ RunTime:0.0013s ]
SQL: UPDATE `admin_nav` SET `title`='关于我们1',`link`='guanyu/guanyu' WHERE ( id='1' ) [ RunTime:0.0016s ]

[ 2017-07-29T11:50:34+08:00 ] ::1 /erongchuang/index.php/Admin/Nav/index.html
INFO: [ app_init ] --START--
INFO: Run Behavior\BuildLiteBehavior [ RunTime:0.000045s ]
INFO: [ app_init ] --END-- [ RunTime:0.001331s ]
INFO: [ app_begin ] --START--
INFO: Run Behavior\ReadHtmlCacheBehavior [ RunTime:0.001768s ]
INFO: [ app_begin ] --END-- [ RunTime:0.001993s ]
SQL: SHOW COLUMNS FROM `admin_nav` [ RunTime:0.1357s ]
SQL: SELECT COUNT(*) AS tp_count FROM `admin_nav` LIMIT 1   [ RunTime:0.0006s ]
SQL: SELECT * FROM `admin_nav` WHERE ( status=1 ) ORDER BY id asc LIMIT 0,10   [ RunTime:0.0015s ]
INFO: [ view_parse ] --START--
INFO: [ template_filter ] --START--
INFO: Run Behavior\ContentReplaceBehavior [ RunTime:0.000290s ]
INFO: [ template_filter ] --END-- [ RunTime:0.000501s ]
INFO: Run Behavior\ParseTemplateBehavior [ RunTime:0.042510s ]
INFO: [ view_parse ] --END-- [ RunTime:0.042772s ]
INFO: [ view_filter ] --START--
INFO: Run Behavior\WriteHtmlCacheBehavior [ RunTime:0.001151s ]
INFO: [ view_filter ] --END-- [ RunTime:0.001311s ]
INFO: [ app_end ] --START--
INFO: Run Behavior\ShowPageTraceBehavior [ RunTime:0.001407s ]
INFO: [ app_end ] --END-- [ RunTime:0.001564s ]

[ 2017-07-29T15:20:15+08:00 ] ::1 /erongchuang/index.php/admin/Index/index.html
INFO: [ app_init ] --START--
INFO: Run Behavior\BuildLiteBehavior [ RunTime:0.000064s ]
INFO: [ app_init ] --END-- [ RunTime:0.001489s ]
INFO: [ app_begin ] --START--
INFO: Run Behavior\ReadHtmlCacheBehavior [ RunTime:0.002251s ]
INFO: [ app_begin ] --END-- [ RunTime:0.002528s ]
INFO: [ view_parse ] --START--
INFO: [ template_filter ] --START--
INFO: Run Behavior\ContentReplaceBehavior [ RunTime:0.000260s ]
INFO: [ template_filter ] --END-- [ RunTime:0.000468s ]
NOTIC: [8] Undefined index: os C:\wamp\www\erongchuang\Application\Runtime\Cache\Admin\b595b808c2ebeeeb0478ffc30bb4e87a.php 第 143 行.
NOTIC: [8] Undefined index: vs C:\wamp\www\erongchuang\Application\Runtime\Cache\Admin\b595b808c2ebeeeb0478ffc30bb4e87a.php 第 147 行.
NOTIC: [8] Undefined index: ql C:\wamp\www\erongchuang\Application\Runtime\Cache\Admin\b595b808c2ebeeeb0478ffc30bb4e87a.php 第 151 行.
NOTIC: [8] Undefined index: osing C:\wamp\www\erongchuang\Application\Runtime\Cache\Admin\b595b808c2ebeeeb0478ffc30bb4e87a.php 第 158 行.
NOTIC: [8] Undefined index: vsing C:\wamp\www\erongchuang\Application\Runtime\Cache\Admin\b595b808c2ebeeeb0478ffc30bb4e87a.php 第 162 行.
NOTIC: [8] Undefined index: qling C:\wamp\www\erongchuang\Application\Runtime\Cache\Admin\b595b808c2ebeeeb0478ffc30bb4e87a.php 第 166 行.
INFO: Run Behavior\ParseTemplateBehavior [ RunTime:0.022013s ]
INFO: [ view_parse ] --END-- [ RunTime:0.022205s ]
INFO: [ view_filter ] --START--
INFO: Run Behavior\WriteHtmlCacheBehavior [ RunTime:0.001406s ]
INFO: [ view_filter ] --END-- [ RunTime:0.001566s ]
INFO: [ app_end ] --START--
INFO: Run Behavior\ShowPageTraceBehavior [ RunTime:0.001774s ]
INFO: [ app_end ] --END-- [ RunTime:0.001951s ]

[ 2017-07-29T15:20:21+08:00 ] ::1 /erongchuang/index.php/Admin/Anli/class_list.html
INFO: [ app_init ] --START--
INFO: Run Behavior\BuildLiteBehavior [ RunTime:0.000070s ]
INFO: [ app_init ] --END-- [ RunTime:0.001665s ]
INFO: [ app_begin ] --START--
INFO: Run Behavior\ReadHtmlCacheBehavior [ RunTime:0.002572s ]
INFO: [ app_begin ] --END-- [ RunTime:0.002898s ]
SQL: SHOW COLUMNS FROM `admin_anli` [ RunTime:0.0148s ]
SQL: SELECT COUNT(*) AS tp_count FROM `admin_anli` LIMIT 1   [ RunTime:0.0007s ]
SQL: SELECT * FROM `admin_anli` ORDER BY id desc LIMIT 0,20   [ RunTime:0.0011s ]
INFO: [ view_parse ] --START--
INFO: [ template_filter ] --START--
INFO: Run Behavior\ContentReplaceBehavior [ RunTime:0.000755s ]
INFO: [ template_filter ] --END-- [ RunTime:0.001269s ]
INFO: Run Behavior\ParseTemplateBehavior [ RunTime:0.049921s ]
INFO: [ view_parse ] --END-- [ RunTime:0.050344s ]
INFO: [ view_filter ] --START--
INFO: Run Behavior\WriteHtmlCacheBehavior [ RunTime:0.001780s ]
INFO: [ view_filter ] --END-- [ RunTime:0.002066s ]
INFO: [ app_end ] --START--
INFO: Run Behavior\ShowPageTraceBehavior [ RunTime:0.001519s ]
INFO: [ app_end ] --END-- [ RunTime:0.001690s ]

[ 2017-07-29T15:20:24+08:00 ] ::1 /erongchuang/index.php/Admin/Index/class_list.html
INFO: [ app_init ] --START--
INFO: Run Behavior\BuildLiteBehavior [ RunTime:0.000196s ]
INFO: [ app_init ] --END-- [ RunTime:0.003772s ]
INFO: [ app_begin ] --START--
INFO: Run Behavior\ReadHtmlCacheBehavior [ RunTime:0.004261s ]
INFO: [ app_begin ] --END-- [ RunTime:0.004793s ]
SQL: SHOW COLUMNS FROM `admin_index` [ RunTime:0.1440s ]
SQL: SELECT COUNT(*) AS tp_count FROM `admin_index` LIMIT 1   [ RunTime:0.0010s ]
SQL: SELECT * FROM `admin_index` ORDER BY id desc LIMIT 0,20   [ RunTime:0.0017s ]
INFO: [ view_parse ] --START--
INFO: [ template_filter ] --START--
INFO: Run Behavior\ContentReplaceBehavior [ RunTime:0.000498s ]
INFO: [ template_filter ] --END-- [ RunTime:0.000841s ]
INFO: Run Behavior\ParseTemplateBehavior [ RunTime:0.057098s ]
INFO: [ view_parse ] --END-- [ RunTime:0.057514s ]
INFO: [ view_filter ] --START--
INFO: Run Behavior\WriteHtmlCacheBehavior [ RunTime:0.002209s ]
INFO: [ view_filter ] --END-- [ RunTime:0.002514s ]
INFO: [ app_end ] --START--
INFO: Run Behavior\ShowPageTraceBehavior [ RunTime:0.002974s ]
INFO: [ app_end ] --END-- [ RunTime:0.003287s ]

[ 2017-07-29T15:20:28+08:00 ] ::1 /erongchuang/index.php/Admin/Guanyu/class_list.html
INFO: [ app_init ] --START--
INFO: Run Behavior\BuildLiteBehavior [ RunTime:0.000069s ]
INFO: [ app_init ] --END-- [ RunTime:0.001603s ]
INFO: [ app_begin ] --START--
INFO: Run Behavior\ReadHtmlCacheBehavior [ RunTime:0.002408s ]
INFO: [ app_begin ] --END-- [ RunTime:0.002848s ]
SQL: SHOW COLUMNS FROM `admin_guanyu` [ RunTime:0.0210s ]
SQL: SELECT COUNT(*) AS tp_count FROM `admin_guanyu` LIMIT 1   [ RunTime:0.0010s ]
SQL: SELECT * FROM `admin_guanyu` ORDER BY id desc LIMIT 0,20   [ RunTime:0.0015s ]
INFO: [ view_parse ] --START--
INFO: [ template_filter ] --START--
INFO: Run Behavior\ContentReplaceBehavior [ RunTime:0.000715s ]
INFO: [ template_filter ] --END-- [ RunTime:0.001222s ]
INFO: Run Behavior\ParseTemplateBehavior [ RunTime:0.070854s ]
INFO: [ view_parse ] --END-- [ RunTime:0.071391s ]
INFO: [ view_filter ] --START--
INFO: Run Behavior\WriteHtmlCacheBehavior [ RunTime:0.003225s ]
INFO: [ view_filter ] --END-- [ RunTime:0.003651s ]
INFO: [ app_end ] --START--
INFO: Run Behavior\ShowPageTraceBehavior [ RunTime:0.004689s ]
INFO: [ app_end ] --END-- [ RunTime:0.005138s ]

[ 2017-07-29T15:20:30+08:00 ] ::1 /erongchuang/index.php/Admin/Xinwen/class_list.html
INFO: [ app_init ] --START--
INFO: Run Behavior\BuildLiteBehavior [ RunTime:0.000068s ]
INFO: [ app_init ] --END-- [ RunTime:0.001609s ]
INFO: [ app_begin ] --START--
INFO: Run Behavior\ReadHtmlCacheBehavior [ RunTime:0.002342s ]
INFO: [ app_begin ] --END-- [ RunTime:0.002644s ]
SQL: SHOW COLUMNS FROM `admin_xinwen` [ RunTime:0.0130s ]
SQL: SELECT COUNT(*) AS tp_count FROM `admin_xinwen` LIMIT 1   [ RunTime:0.0005s ]
SQL: SELECT * FROM `admin_xinwen` ORDER BY id desc LIMIT 0,20   [ RunTime:0.0010s ]
INFO: [ view_parse ] --START--
INFO: [ template_filter ] --START--
INFO: Run Behavior\ContentReplaceBehavior [ RunTime:0.000441s ]
INFO: [ template_filter ] --END-- [ RunTime:0.000740s ]
INFO: Run Behavior\ParseTemplateBehavior [ RunTime:0.041845s ]
INFO: [ view_parse ] --END-- [ RunTime:0.042093s ]
INFO: [ view_filter ] --START--
INFO: Run Behavior\WriteHtmlCacheBehavior [ RunTime:0.001323s ]
INFO: [ view_filter ] --END-- [ RunTime:0.001472s ]
INFO: [ app_end ] --START--
INFO: Run Behavior\ShowPageTraceBehavior [ RunTime:0.001800s ]
INFO: [ app_end ] --END-- [ RunTime:0.001965s ]

[ 2017-07-29T15:20:33+08:00 ] ::1 /erongchuang/index.php/Admin/Anli/class_list.html
INFO: [ app_init ] --START--
INFO: Run Behavior\BuildLiteBehavior [ RunTime:0.000073s ]
INFO: [ app_init ] --END-- [ RunTime:0.001801s ]
INFO: [ app_begin ] --START--
INFO: Run Behavior\ReadHtmlCacheBehavior [ RunTime:0.002837s ]
INFO: [ app_begin ] --END-- [ RunTime:0.003152s ]
SQL: SHOW COLUMNS FROM `admin_anli` [ RunTime:0.0102s ]
SQL: SELECT COUNT(*) AS tp_count FROM `admin_anli` LIMIT 1   [ RunTime:0.0006s ]
SQL: SELECT * FROM `admin_anli` ORDER BY id desc LIMIT 0,20   [ RunTime:0.0012s ]
INFO: [ view_parse ] --START--
INFO: [ template_filter ] --START--
INFO: Run Behavior\ContentReplaceBehavior [ RunTime:0.000682s ]
INFO: [ template_filter ] --END-- [ RunTime:0.001157s ]
INFO: Run Behavior\ParseTemplateBehavior [ RunTime:0.040827s ]
INFO: [ view_parse ] --END-- [ RunTime:0.041126s ]
INFO: [ view_filter ] --START--
INFO: Run Behavior\WriteHtmlCacheBehavior [ RunTime:0.001899s ]
INFO: [ view_filter ] --END-- [ RunTime:0.002162s ]
INFO: [ app_end ] --START--
INFO: Run Behavior\ShowPageTraceBehavior [ RunTime:0.002489s ]
INFO: [ app_end ] --END-- [ RunTime:0.002767s ]

[ 2017-07-29T15:20:35+08:00 ] ::1 /erongchuang/index.php/Admin/Force/index.html
INFO: [ app_init ] --START--
INFO: Run Behavior\BuildLiteBehavior [ RunTime:0.000074s ]
INFO: [ app_init ] --END-- [ RunTime:0.001781s ]
INFO: [ app_begin ] --START--
INFO: Run Behavior\ReadHtmlCacheBehavior [ RunTime:0.002603s ]
INFO: [ app_begin ] --END-- [ RunTime:0.002951s ]
SQL: SHOW COLUMNS FROM `admin_force` [ RunTime:0.0134s ]
SQL: SELECT COUNT(*) AS tp_count FROM `admin_force` LIMIT 1   [ RunTime:0.0006s ]
SQL: SELECT * FROM `admin_force` WHERE ( status=1 ) ORDER BY id asc LIMIT 0,10   [ RunTime:0.0011s ]
INFO: [ view_parse ] --START--
INFO: [ template_filter ] --START--
INFO: Run Behavior\ContentReplaceBehavior [ RunTime:0.000494s ]
INFO: [ template_filter ] --END-- [ RunTime:0.000834s ]
NOTIC: [8] Undefined index: times C:\wamp\www\erongchuang\Application\Runtime\Cache\Admin\52a42991261803d1ec7110a422e01e8d.php 第 151 行.
NOTIC: [8] Undefined index: times C:\wamp\www\erongchuang\Application\Runtime\Cache\Admin\52a42991261803d1ec7110a422e01e8d.php 第 151 行.
NOTIC: [8] Undefined index: times C:\wamp\www\erongchuang\Application\Runtime\Cache\Admin\52a42991261803d1ec7110a422e01e8d.php 第 151 行.
INFO: Run Behavior\ParseTemplateBehavior [ RunTime:0.048000s ]
INFO: [ view_parse ] --END-- [ RunTime:0.048445s ]
INFO: [ view_filter ] --START--
INFO: Run Behavior\WriteHtmlCacheBehavior [ RunTime:0.002051s ]
INFO: [ view_filter ] --END-- [ RunTime:0.002346s ]
INFO: [ app_end ] --START--
INFO: Run Behavior\ShowPageTraceBehavior [ RunTime:0.002833s ]
INFO: [ app_end ] --END-- [ RunTime:0.003171s ]

[ 2017-07-29T15:20:46+08:00 ] ::1 /erongchuang/index.php/Admin/Force/edit/id/1.html
INFO: [ app_init ] --START--
INFO: Run Behavior\BuildLiteBehavior [ RunTime:0.000072s ]
INFO: [ app_init ] --END-- [ RunTime:0.001730s ]
INFO: [ app_begin ] --START--
INFO: Run Behavior\ReadHtmlCacheBehavior [ RunTime:0.002653s ]
INFO: [ app_begin ] --END-- [ RunTime:0.002951s ]
SQL: SHOW COLUMNS FROM `admin_force` [ RunTime:0.0165s ]
SQL: SELECT * FROM `admin_force` WHERE ( id=1 ) LIMIT 1   [ RunTime:0.0009s ]
INFO: [ view_parse ] --START--
INFO: [ template_filter ] --START--
INFO: Run Behavior\ContentReplaceBehavior [ RunTime:0.000459s ]
INFO: [ template_filter ] --END-- [ RunTime:0.000774s ]
INFO: Run Behavior\ParseTemplateBehavior [ RunTime:0.037056s ]
INFO: [ view_parse ] --END-- [ RunTime:0.037386s ]
INFO: [ view_filter ] --START--
INFO: Run Behavior\WriteHtmlCacheBehavior [ RunTime:0.002022s ]
INFO: [ view_filter ] --END-- [ RunTime:0.002279s ]
INFO: [ app_end ] --START--
INFO: Run Behavior\ShowPageTraceBehavior [ RunTime:0.002804s ]
INFO: [ app_end ] --END-- [ RunTime:0.003160s ]

[ 2017-07-29T15:21:20+08:00 ] ::1 /erongchuang/index.php/admin/Index/index.html
INFO: [ app_init ] --START--
INFO: Run Behavior\BuildLiteBehavior [ RunTime:0.000449s ]
INFO: [ app_init ] --END-- [ RunTime:0.004227s ]
INFO: [ app_begin ] --START--
INFO: Run Behavior\ReadHtmlCacheBehavior [ RunTime:0.003853s ]
INFO: [ app_begin ] --END-- [ RunTime:0.004379s ]
INFO: [ view_parse ] --START--
INFO: [ template_filter ] --START--
INFO: Run Behavior\ContentReplaceBehavior [ RunTime:0.000700s ]
INFO: [ template_filter ] --END-- [ RunTime:0.001228s ]
NOTIC: [8] Undefined index: os C:\wamp\www\erongchuang\Application\Runtime\Cache\Admin\b595b808c2ebeeeb0478ffc30bb4e87a.php 第 143 行.
NOTIC: [8] Undefined index: vs C:\wamp\www\erongchuang\Application\Runtime\Cache\Admin\b595b808c2ebeeeb0478ffc30bb4e87a.php 第 147 行.
NOTIC: [8] Undefined index: ql C:\wamp\www\erongchuang\Application\Runtime\Cache\Admin\b595b808c2ebeeeb0478ffc30bb4e87a.php 第 151 行.
NOTIC: [8] Undefined index: osing C:\wamp\www\erongchuang\Application\Runtime\Cache\Admin\b595b808c2ebeeeb0478ffc30bb4e87a.php 第 158 行.
NOTIC: [8] Undefined index: vsing C:\wamp\www\erongchuang\Application\Runtime\Cache\Admin\b595b808c2ebeeeb0478ffc30bb4e87a.php 第 162 行.
NOTIC: [8] Undefined index: qling C:\wamp\www\erongchuang\Application\Runtime\Cache\Admin\b595b808c2ebeeeb0478ffc30bb4e87a.php 第 166 行.
INFO: Run Behavior\ParseTemplateBehavior [ RunTime:0.065513s ]
INFO: [ view_parse ] --END-- [ RunTime:0.066229s ]
INFO: [ view_filter ] --START--
INFO: Run Behavior\WriteHtmlCacheBehavior [ RunTime:0.003448s ]
INFO: [ view_filter ] --END-- [ RunTime:0.003889s ]
INFO: [ app_end ] --START--
INFO: Run Behavior\ShowPageTraceBehavior [ RunTime:0.004880s ]
INFO: [ app_end ] --END-- [ RunTime:0.005530s ]

[ 2017-07-29T15:21:25+08:00 ] ::1 /erongchuang/index.php/Admin/Xinwen/class_list.html
INFO: [ app_init ] --START--
INFO: Run Behavior\BuildLiteBehavior [ RunTime:0.000176s ]
INFO: [ app_init ] --END-- [ RunTime:0.003482s ]
INFO: [ app_begin ] --START--
INFO: Run Behavior\ReadHtmlCacheBehavior [ RunTime:0.003990s ]
INFO: [ app_begin ] --END-- [ RunTime:0.004521s ]
SQL: SHOW COLUMNS FROM `admin_xinwen` [ RunTime:0.1385s ]
SQL: SELECT COUNT(*) AS tp_count FROM `admin_xinwen` LIMIT 1   [ RunTime:0.0010s ]
SQL: SELECT * FROM `admin_xinwen` ORDER BY id desc LIMIT 0,20   [ RunTime:0.0027s ]
INFO: [ view_parse ] --START--
INFO: [ template_filter ] --START--
INFO: Run Behavior\ContentReplaceBehavior [ RunTime:0.000611s ]
INFO: [ template_filter ] --END-- [ RunTime:0.001324s ]
INFO: Run Behavior\ParseTemplateBehavior [ RunTime:0.059667s ]
INFO: [ view_parse ] --END-- [ RunTime:0.060267s ]
INFO: [ view_filter ] --START--
INFO: Run Behavior\WriteHtmlCacheBehavior [ RunTime:0.001825s ]
INFO: [ view_filter ] --END-- [ RunTime:0.002088s ]
INFO: [ app_end ] --START--
INFO: Run Behavior\ShowPageTraceBehavior [ RunTime:0.002403s ]
INFO: [ app_end ] --END-- [ RunTime:0.002680s ]

[ 2017-07-29T15:22:25+08:00 ] ::1 /erongchuang/index.php/Admin/Xinwen/edit/id/22.html
INFO: [ app_init ] --START--
INFO: Run Behavior\BuildLiteBehavior [ RunTime:0.000190s ]
INFO: [ app_init ] --END-- [ RunTime:0.003453s ]
INFO: [ app_begin ] --START--
INFO: Run Behavior\ReadHtmlCacheBehavior [ RunTime:0.004054s ]
INFO: [ app_begin ] --END-- [ RunTime:0.004701s ]
SQL: SHOW COLUMNS FROM `admin_xinwen` [ RunTime:0.0175s ]
SQL: SELECT * FROM `admin_xinwen` WHERE ( id=22 ) LIMIT 1   [ RunTime:0.0012s ]
INFO: [ view_parse ] --START--
INFO: [ template_filter ] --START--
INFO: Run Behavior\ContentReplaceBehavior [ RunTime:0.000787s ]
INFO: [ template_filter ] --END-- [ RunTime:0.001355s ]
INFO: Run Behavior\ParseTemplateBehavior [ RunTime:0.043219s ]
INFO: [ view_parse ] --END-- [ RunTime:0.043869s ]
INFO: [ view_filter ] --START--
INFO: Run Behavior\WriteHtmlCacheBehavior [ RunTime:0.002675s ]
INFO: [ view_filter ] --END-- [ RunTime:0.003028s ]
INFO: [ app_end ] --START--
INFO: Run Behavior\ShowPageTraceBehavior [ RunTime:0.003044s ]
INFO: [ app_end ] --END-- [ RunTime:0.003360s ]

[ 2017-07-29T15:22:35+08:00 ] ::1 /erongchuang/index.php/Admin/Xinwen/edit/id/22.html
INFO: [ app_init ] --START--
INFO: Run Behavior\BuildLiteBehavior [ RunTime:0.000030s ]
INFO: [ app_init ] --END-- [ RunTime:0.000817s ]
INFO: [ app_begin ] --START--
INFO: Run Behavior\ReadHtmlCacheBehavior [ RunTime:0.001123s ]
INFO: [ app_begin ] --END-- [ RunTime:0.001265s ]
SQL: SHOW COLUMNS FROM `admin_xinwen` [ RunTime:0.0208s ]
SQL: SELECT * FROM `admin_xinwen` WHERE ( id=22 ) LIMIT 1   [ RunTime:0.0005s ]
SQL: UPDATE `admin_xinwen` SET `name`='释放智慧镇江建设一揽子计划 软通动...',`content`='&lt;p&gt;123&lt;/p&gt;',`img`='upload/images/20177/2017719182028313315.jpg',`times`='1501312955' WHERE ( id='22' ) [ RunTime:0.0007s ]

[ 2017-07-29T15:22:37+08:00 ] ::1 /erongchuang/index.php/Admin/Xinwen/class_list.html
INFO: [ app_init ] --START--
INFO: Run Behavior\BuildLiteBehavior [ RunTime:0.000155s ]
INFO: [ app_init ] --END-- [ RunTime:0.003885s ]
INFO: [ app_begin ] --START--
INFO: Run Behavior\ReadHtmlCacheBehavior [ RunTime:0.006869s ]
INFO: [ app_begin ] --END-- [ RunTime:0.007578s ]
SQL: SHOW COLUMNS FROM `admin_xinwen` [ RunTime:0.1382s ]
SQL: SELECT COUNT(*) AS tp_count FROM `admin_xinwen` LIMIT 1   [ RunTime:0.0012s ]
SQL: SELECT * FROM `admin_xinwen` ORDER BY id desc LIMIT 0,20   [ RunTime:0.0017s ]
INFO: [ view_parse ] --START--
INFO: [ template_filter ] --START--
INFO: Run Behavior\ContentReplaceBehavior [ RunTime:0.000726s ]
INFO: [ template_filter ] --END-- [ RunTime:0.001229s ]
INFO: Run Behavior\ParseTemplateBehavior [ RunTime:0.078128s ]
INFO: [ view_parse ] --END-- [ RunTime:0.078616s ]
INFO: [ view_filter ] --START--
INFO: Run Behavior\WriteHtmlCacheBehavior [ RunTime:0.003257s ]
INFO: [ view_filter ] --END-- [ RunTime:0.003683s ]
INFO: [ app_end ] --START--
INFO: Run Behavior\ShowPageTraceBehavior [ RunTime:0.004108s ]
INFO: [ app_end ] --END-- [ RunTime:0.004555s ]

[ 2017-07-29T15:22:49+08:00 ] ::1 /erongchuang/index.php/Admin/Xinwen/edit/id/20.html
INFO: [ app_init ] --START--
INFO: Run Behavior\BuildLiteBehavior [ RunTime:0.000063s ]
INFO: [ app_init ] --END-- [ RunTime:0.001601s ]
INFO: [ app_begin ] --START--
INFO: Run Behavior\ReadHtmlCacheBehavior [ RunTime:0.002384s ]
INFO: [ app_begin ] --END-- [ RunTime:0.002710s ]
SQL: SHOW COLUMNS FROM `admin_xinwen` [ RunTime:0.1370s ]
SQL: SELECT * FROM `admin_xinwen` WHERE ( id=20 ) LIMIT 1   [ RunTime:0.0017s ]
INFO: [ view_parse ] --START--
INFO: [ template_filter ] --START--
INFO: Run Behavior\ContentReplaceBehavior [ RunTime:0.000519s ]
INFO: [ template_filter ] --END-- [ RunTime:0.000943s ]
INFO: Run Behavior\ParseTemplateBehavior [ RunTime:0.050940s ]
INFO: [ view_parse ] --END-- [ RunTime:0.051558s ]
INFO: [ view_filter ] --START--
INFO: Run Behavior\WriteHtmlCacheBehavior [ RunTime:0.001861s ]
INFO: [ view_filter ] --END-- [ RunTime:0.002118s ]
INFO: [ app_end ] --START--
INFO: Run Behavior\ShowPageTraceBehavior [ RunTime:0.002713s ]
INFO: [ app_end ] --END-- [ RunTime:0.002992s ]

[ 2017-07-29T15:22:57+08:00 ] ::1 /erongchuang/index.php/Admin/Xinwen/edit/id/20.html
INFO: [ app_init ] --START--
INFO: Run Behavior\BuildLiteBehavior [ RunTime:0.000104s ]
INFO: [ app_init ] --END-- [ RunTime:0.002673s ]
INFO: [ app_begin ] --START--
INFO: Run Behavior\ReadHtmlCacheBehavior [ RunTime:0.005349s ]
INFO: [ app_begin ] --END-- [ RunTime:0.005954s ]
SQL: SHOW COLUMNS FROM `admin_xinwen` [ RunTime:0.0259s ]
SQL: SELECT * FROM `admin_xinwen` WHERE ( id=20 ) LIMIT 1   [ RunTime:0.0017s ]
SQL: UPDATE `admin_xinwen` SET `name`='低碳引领 创新驱动 软通动力-华...',`content`='&lt;p&gt;7月15日&lt;/p&gt;',`img`='upload/images/20177/20177191829483079820.jpg',`times`='1501312977' WHERE ( id='20' ) [ RunTime:0.0016s ]

[ 2017-07-29T15:22:59+08:00 ] ::1 /erongchuang/index.php/Admin/Xinwen/class_list.html
INFO: [ app_init ] --START--
INFO: Run Behavior\BuildLiteBehavior [ RunTime:0.000066s ]
INFO: [ app_init ] --END-- [ RunTime:0.001624s ]
INFO: [ app_begin ] --START--
INFO: Run Behavior\ReadHtmlCacheBehavior [ RunTime:0.002448s ]
INFO: [ app_begin ] --END-- [ RunTime:0.002871s ]
SQL: SHOW COLUMNS FROM `admin_xinwen` [ RunTime:0.0125s ]
SQL: SELECT COUNT(*) AS tp_count FROM `admin_xinwen` LIMIT 1   [ RunTime:0.0006s ]
SQL: SELECT * FROM `admin_xinwen` ORDER BY id desc LIMIT 0,20   [ RunTime:0.0009s ]
INFO: [ view_parse ] --START--
INFO: [ template_filter ] --START--
INFO: Run Behavior\ContentReplaceBehavior [ RunTime:0.000506s ]
INFO: [ template_filter ] --END-- [ RunTime:0.000853s ]
INFO: Run Behavior\ParseTemplateBehavior [ RunTime:0.049598s ]
INFO: [ view_parse ] --END-- [ RunTime:0.050099s ]
INFO: [ view_filter ] --START--
INFO: Run Behavior\WriteHtmlCacheBehavior [ RunTime:0.002786s ]
INFO: [ view_filter ] --END-- [ RunTime:0.003128s ]
INFO: [ app_end ] --START--
INFO: Run Behavior\ShowPageTraceBehavior [ RunTime:0.002555s ]
INFO: [ app_end ] --END-- [ RunTime:0.002827s ]

[ 2017-07-29T15:23:05+08:00 ] ::1 /erongchuang/index.php/Admin/Guanyu/class_list.html
INFO: [ app_init ] --START--
INFO: Run Behavior\BuildLiteBehavior [ RunTime:0.000074s ]
INFO: [ app_init ] --END-- [ RunTime:0.001961s ]
INFO: [ app_begin ] --START--
INFO: Run Behavior\ReadHtmlCacheBehavior [ RunTime:0.002848s ]
INFO: [ app_begin ] --END-- [ RunTime:0.003208s ]
SQL: SHOW COLUMNS FROM `admin_guanyu` [ RunTime:0.0440s ]
SQL: SELECT COUNT(*) AS tp_count FROM `admin_guanyu` LIMIT 1   [ RunTime:0.0013s ]
SQL: SELECT * FROM `admin_guanyu` ORDER BY id desc LIMIT 0,20   [ RunTime:0.0023s ]
INFO: [ view_parse ] --START--
INFO: [ template_filter ] --START--
INFO: Run Behavior\ContentReplaceBehavior [ RunTime:0.000735s ]
INFO: [ template_filter ] --END-- [ RunTime:0.001280s ]
INFO: Run Behavior\ParseTemplateBehavior [ RunTime:0.072436s ]
INFO: [ view_parse ] --END-- [ RunTime:0.073112s ]
INFO: [ view_filter ] --START--
INFO: Run Behavior\WriteHtmlCacheBehavior [ RunTime:0.003379s ]
INFO: [ view_filter ] --END-- [ RunTime:0.003822s ]
INFO: [ app_end ] --START--
INFO: Run Behavior\ShowPageTraceBehavior [ RunTime:0.004094s ]
INFO: [ app_end ] --END-- [ RunTime:0.004556s ]

[ 2017-07-29T15:23:09+08:00 ] ::1 /erongchuang/index.php/Admin/Guanyu/edit/id/4.html
INFO: [ app_init ] --START--
INFO: Run Behavior\BuildLiteBehavior [ RunTime:0.000104s ]
INFO: [ app_init ] --END-- [ RunTime:0.002572s ]
INFO: [ app_begin ] --START--
INFO: Run Behavior\ReadHtmlCacheBehavior [ RunTime:0.004500s ]
INFO: [ app_begin ] --END-- [ RunTime:0.005051s ]
SQL: SHOW COLUMNS FROM `admin_guanyu` [ RunTime:0.1388s ]
SQL: SELECT * FROM `admin_guanyu` WHERE ( id=4 ) LIMIT 1   [ RunTime:0.0014s ]
INFO: [ view_parse ] --START--
INFO: [ template_filter ] --START--
INFO: Run Behavior\ContentReplaceBehavior [ RunTime:0.000824s ]
INFO: [ template_filter ] --END-- [ RunTime:0.001298s ]
INFO: Run Behavior\ParseTemplateBehavior [ RunTime:0.063219s ]
INFO: [ view_parse ] --END-- [ RunTime:0.063782s ]
INFO: [ view_filter ] --START--
INFO: Run Behavior\WriteHtmlCacheBehavior [ RunTime:0.003066s ]
INFO: [ view_filter ] --END-- [ RunTime:0.003516s ]
INFO: [ app_end ] --START--
INFO: Run Behavior\ShowPageTraceBehavior [ RunTime:0.004329s ]
INFO: [ app_end ] --END-- [ RunTime:0.004871s ]

[ 2017-07-29T15:23:29+08:00 ] ::1 /erongchuang/index.php/Admin/Guanyu/edit/id/4.html
INFO: [ app_init ] --START--
INFO: Run Behavior\BuildLiteBehavior [ RunTime:0.000063s ]
INFO: [ app_init ] --END-- [ RunTime:0.001671s ]
INFO: [ app_begin ] --START--
INFO: Run Behavior\ReadHtmlCacheBehavior [ RunTime:0.002643s ]
INFO: [ app_begin ] --END-- [ RunTime:0.003069s ]
SQL: SHOW COLUMNS FROM `admin_guanyu` [ RunTime:0.0065s ]
SQL: SELECT * FROM `admin_guanyu` WHERE ( id=4 ) LIMIT 1   [ RunTime:0.0006s ]
SQL: UPDATE `admin_guanyu` SET `name`='',`content`='&lt;p&gt;									&lt;/p&gt;&lt;p&gt;我们掌握全球最先进的咨询方法与工具。&lt;/p&gt;&lt;p&gt;
									&lt;/p&gt;',`img`='',`times`='1501313009' WHERE ( id='4' ) [ RunTime:0.0006s ]

[ 2017-07-29T15:23:32+08:00 ] ::1 /erongchuang/index.php/Admin/Guanyu/class_list.html
INFO: [ app_init ] --START--
INFO: Run Behavior\BuildLiteBehavior [ RunTime:0.000066s ]
INFO: [ app_init ] --END-- [ RunTime:0.001544s ]
INFO: [ app_begin ] --START--
INFO: Run Behavior\ReadHtmlCacheBehavior [ RunTime:0.001586s ]
INFO: [ app_begin ] --END-- [ RunTime:0.001772s ]
SQL: SHOW COLUMNS FROM `admin_guanyu` [ RunTime:0.0083s ]
SQL: SELECT COUNT(*) AS tp_count FROM `admin_guanyu` LIMIT 1   [ RunTime:0.0004s ]
SQL: SELECT * FROM `admin_guanyu` ORDER BY id desc LIMIT 0,20   [ RunTime:0.0006s ]
INFO: [ view_parse ] --START--
INFO: [ template_filter ] --START--
INFO: Run Behavior\ContentReplaceBehavior [ RunTime:0.000335s ]
INFO: [ template_filter ] --END-- [ RunTime:0.000537s ]
INFO: Run Behavior\ParseTemplateBehavior [ RunTime:0.026055s ]
INFO: [ view_parse ] --END-- [ RunTime:0.026253s ]
INFO: [ view_filter ] --START--
INFO: Run Behavior\WriteHtmlCacheBehavior [ RunTime:0.001333s ]
INFO: [ view_filter ] --END-- [ RunTime:0.001561s ]
INFO: [ app_end ] --START--
INFO: Run Behavior\ShowPageTraceBehavior [ RunTime:0.002090s ]
INFO: [ app_end ] --END-- [ RunTime:0.002319s ]

[ 2017-07-29T15:23:38+08:00 ] ::1 /erongchuang/index.php/Admin/Fuwu/class_list.html
INFO: [ app_init ] --START--
INFO: Run Behavior\BuildLiteBehavior [ RunTime:0.000105s ]
INFO: [ app_init ] --END-- [ RunTime:0.002829s ]
INFO: [ app_begin ] --START--
INFO: Run Behavior\ReadHtmlCacheBehavior [ RunTime:0.004479s ]
INFO: [ app_begin ] --END-- [ RunTime:0.004999s ]
SQL: SHOW COLUMNS FROM `admin_fuwu` [ RunTime:0.0188s ]
SQL: SELECT COUNT(*) AS tp_count FROM `admin_fuwu` LIMIT 1   [ RunTime:0.0009s ]
SQL: SELECT * FROM `admin_fuwu` ORDER BY id desc LIMIT 0,20   [ RunTime:0.0019s ]
INFO: [ view_parse ] --START--
INFO: [ template_filter ] --START--
INFO: Run Behavior\ContentReplaceBehavior [ RunTime:0.000817s ]
INFO: [ template_filter ] --END-- [ RunTime:0.001493s ]
INFO: Run Behavior\ParseTemplateBehavior [ RunTime:0.065263s ]
INFO: [ view_parse ] --END-- [ RunTime:0.065689s ]
INFO: [ view_filter ] --START--
INFO: Run Behavior\WriteHtmlCacheBehavior [ RunTime:0.002096s ]
INFO: [ view_filter ] --END-- [ RunTime:0.002365s ]
INFO: [ app_end ] --START--
INFO: Run Behavior\ShowPageTraceBehavior [ RunTime:0.002515s ]
INFO: [ app_end ] --END-- [ RunTime:0.002816s ]

[ 2017-07-29T15:23:41+08:00 ] ::1 /erongchuang/index.php/Admin/Anli/class_list.html
INFO: [ app_init ] --START--
INFO: Run Behavior\BuildLiteBehavior [ RunTime:0.000144s ]
INFO: [ app_init ] --END-- [ RunTime:0.003008s ]
INFO: [ app_begin ] --START--
INFO: Run Behavior\ReadHtmlCacheBehavior [ RunTime:0.002300s ]
INFO: [ app_begin ] --END-- [ RunTime:0.002600s ]
SQL: SHOW COLUMNS FROM `admin_anli` [ RunTime:0.1365s ]
SQL: SELECT COUNT(*) AS tp_count FROM `admin_anli` LIMIT 1   [ RunTime:0.0010s ]
SQL: SELECT * FROM `admin_anli` ORDER BY id desc LIMIT 0,20   [ RunTime:0.0013s ]
INFO: [ view_parse ] --START--
INFO: [ template_filter ] --START--
INFO: Run Behavior\ContentReplaceBehavior [ RunTime:0.000449s ]
INFO: [ template_filter ] --END-- [ RunTime:0.000754s ]
INFO: Run Behavior\ParseTemplateBehavior [ RunTime:0.064994s ]
INFO: [ view_parse ] --END-- [ RunTime:0.065381s ]
INFO: [ view_filter ] --START--
INFO: Run Behavior\WriteHtmlCacheBehavior [ RunTime:0.002030s ]
INFO: [ view_filter ] --END-- [ RunTime:0.002294s ]
INFO: [ app_end ] --START--
INFO: Run Behavior\ShowPageTraceBehavior [ RunTime:0.002418s ]
INFO: [ app_end ] --END-- [ RunTime:0.002686s ]

[ 2017-07-29T15:23:45+08:00 ] ::1 /erongchuang/index.php/Admin/Anli/edit/id/24.html
INFO: [ app_init ] --START--
INFO: Run Behavior\BuildLiteBehavior [ RunTime:0.000064s ]
INFO: [ app_init ] --END-- [ RunTime:0.001602s ]
INFO: [ app_begin ] --START--
INFO: Run Behavior\ReadHtmlCacheBehavior [ RunTime:0.002470s ]
INFO: [ app_begin ] --END-- [ RunTime:0.002786s ]
SQL: SHOW COLUMNS FROM `admin_anli` [ RunTime:0.0172s ]
SQL: SELECT * FROM `admin_anli` WHERE ( id=24 ) LIMIT 1   [ RunTime:0.0008s ]
INFO: [ view_parse ] --START--
INFO: [ template_filter ] --START--
INFO: Run Behavior\ContentReplaceBehavior [ RunTime:0.000601s ]
INFO: [ template_filter ] --END-- [ RunTime:0.000932s ]
INFO: Run Behavior\ParseTemplateBehavior [ RunTime:0.036290s ]
INFO: [ view_parse ] --END-- [ RunTime:0.036591s ]
INFO: [ view_filter ] --START--
INFO: Run Behavior\WriteHtmlCacheBehavior [ RunTime:0.002055s ]
INFO: [ view_filter ] --END-- [ RunTime:0.002410s ]
INFO: [ app_end ] --START--
INFO: Run Behavior\ShowPageTraceBehavior [ RunTime:0.003346s ]
INFO: [ app_end ] --END-- [ RunTime:0.003682s ]

[ 2017-07-29T15:23:54+08:00 ] ::1 /erongchuang/index.php/Admin/Anli/edit/id/24.html
INFO: [ app_init ] --START--
INFO: Run Behavior\BuildLiteBehavior [ RunTime:0.000066s ]
INFO: [ app_init ] --END-- [ RunTime:0.001831s ]
INFO: [ app_begin ] --START--
INFO: Run Behavior\ReadHtmlCacheBehavior [ RunTime:0.002364s ]
INFO: [ app_begin ] --END-- [ RunTime:0.002692s ]
SQL: SHOW COLUMNS FROM `admin_anli` [ RunTime:0.1363s ]
SQL: SELECT * FROM `admin_anli` WHERE ( id=24 ) LIMIT 1   [ RunTime:0.0013s ]
SQL: UPDATE `admin_anli` SET `name`='案例',`content`='&lt;p&gt;									&lt;/p&gt;&lt;p&gt;王菲&lt;/p&gt;&lt;p&gt;
									&lt;/p&gt;',`img`='',`url`='',`times`='1501313034' WHERE ( id='24' ) [ RunTime:0.0016s ]

[ 2017-07-29T15:23:56+08:00 ] ::1 /erongchuang/index.php/Admin/Anli/class_list.html
INFO: [ app_init ] --START--
INFO: Run Behavior\BuildLiteBehavior [ RunTime:0.000102s ]
INFO: [ app_init ] --END-- [ RunTime:0.003017s ]
INFO: [ app_begin ] --START--
INFO: Run Behavior\ReadHtmlCacheBehavior [ RunTime:0.004199s ]
INFO: [ app_begin ] --END-- [ RunTime:0.004725s ]
SQL: SHOW COLUMNS FROM `admin_anli` [ RunTime:0.0269s ]
SQL: SELECT COUNT(*) AS tp_count FROM `admin_anli` LIMIT 1   [ RunTime:0.0010s ]
SQL: SELECT * FROM `admin_anli` ORDER BY id desc LIMIT 0,20   [ RunTime:0.0013s ]
INFO: [ view_parse ] --START--
INFO: [ template_filter ] --START--
INFO: Run Behavior\ContentReplaceBehavior [ RunTime:0.000787s ]
INFO: [ template_filter ] --END-- [ RunTime:0.001298s ]
INFO: Run Behavior\ParseTemplateBehavior [ RunTime:0.072240s ]
INFO: [ view_parse ] --END-- [ RunTime:0.072865s ]
INFO: [ view_filter ] --START--
INFO: Run Behavior\WriteHtmlCacheBehavior [ RunTime:0.003256s ]
INFO: [ view_filter ] --END-- [ RunTime:0.003802s ]
INFO: [ app_end ] --START--
INFO: Run Behavior\ShowPageTraceBehavior [ RunTime:0.004596s ]
INFO: [ app_end ] --END-- [ RunTime:0.005164s ]

[ 2017-07-29T15:24:03+08:00 ] ::1 /erongchuang/index.php/Admin/Anli/edit/id/24.html
INFO: [ app_init ] --START--
INFO: Run Behavior\BuildLiteBehavior [ RunTime:0.000034s ]
INFO: [ app_init ] --END-- [ RunTime:0.000816s ]
INFO: [ app_begin ] --START--
INFO: Run Behavior\ReadHtmlCacheBehavior [ RunTime:0.001787s ]
INFO: [ app_begin ] --END-- [ RunTime:0.002075s ]
SQL: SHOW COLUMNS FROM `admin_anli` [ RunTime:0.0118s ]
SQL: SELECT * FROM `admin_anli` WHERE ( id=24 ) LIMIT 1   [ RunTime:0.0004s ]
INFO: [ view_parse ] --START--
INFO: [ template_filter ] --START--
INFO: Run Behavior\ContentReplaceBehavior [ RunTime:0.000225s ]
INFO: [ template_filter ] --END-- [ RunTime:0.000368s ]
INFO: Run Behavior\ParseTemplateBehavior [ RunTime:0.016229s ]
INFO: [ view_parse ] --END-- [ RunTime:0.016365s ]
INFO: [ view_filter ] --START--
INFO: Run Behavior\WriteHtmlCacheBehavior [ RunTime:0.000944s ]
INFO: [ view_filter ] --END-- [ RunTime:0.001069s ]
INFO: [ app_end ] --START--
INFO: Run Behavior\ShowPageTraceBehavior [ RunTime:0.001558s ]
INFO: [ app_end ] --END-- [ RunTime:0.001842s ]

[ 2017-07-29T15:24:16+08:00 ] ::1 /erongchuang/index.php/Admin/Anli/edit/id/24.html
INFO: [ app_init ] --START--
INFO: Run Behavior\BuildLiteBehavior [ RunTime:0.000066s ]
INFO: [ app_init ] --END-- [ RunTime:0.001718s ]
INFO: [ app_begin ] --START--
INFO: Run Behavior\ReadHtmlCacheBehavior [ RunTime:0.002467s ]
INFO: [ app_begin ] --END-- [ RunTime:0.002816s ]
SQL: SHOW COLUMNS FROM `admin_anli` [ RunTime:0.0161s ]
SQL: SELECT * FROM `admin_anli` WHERE ( id=24 ) LIMIT 1   [ RunTime:0.0010s ]
SQL: UPDATE `admin_anli` SET `name`='案例',`content`='&lt;p&gt;									&lt;/p&gt;&lt;p&gt;&amp;lt;p&amp;gt;									&amp;lt;/p&amp;gt;&amp;lt;p&amp;gt;王菲123&amp;lt;/p&amp;gt;&amp;lt;p&amp;gt;
									&amp;lt;/p&amp;gt;&lt;/p&gt;&lt;p&gt;
									&lt;/p&gt;',`img`='',`url`='',`times`='1501313056' WHERE ( id='24' ) [ RunTime:0.0009s ]

[ 2017-07-29T15:24:19+08:00 ] ::1 /erongchuang/index.php/Admin/Anli/class_list.html
INFO: [ app_init ] --START--
INFO: Run Behavior\BuildLiteBehavior [ RunTime:0.000156s ]
INFO: [ app_init ] --END-- [ RunTime:0.003841s ]
INFO: [ app_begin ] --START--
INFO: Run Behavior\ReadHtmlCacheBehavior [ RunTime:0.004282s ]
INFO: [ app_begin ] --END-- [ RunTime:0.004801s ]
SQL: SHOW COLUMNS FROM `admin_anli` [ RunTime:0.0245s ]
SQL: SELECT COUNT(*) AS tp_count FROM `admin_anli` LIMIT 1   [ RunTime:0.0011s ]
SQL: SELECT * FROM `admin_anli` ORDER BY id desc LIMIT 0,20   [ RunTime:0.0015s ]
INFO: [ view_parse ] --START--
INFO: [ template_filter ] --START--
INFO: Run Behavior\ContentReplaceBehavior [ RunTime:0.000735s ]
INFO: [ template_filter ] --END-- [ RunTime:0.001295s ]
INFO: Run Behavior\ParseTemplateBehavior [ RunTime:0.069214s ]
INFO: [ view_parse ] --END-- [ RunTime:0.069816s ]
INFO: [ view_filter ] --START--
INFO: Run Behavior\WriteHtmlCacheBehavior [ RunTime:0.003475s ]
INFO: [ view_filter ] --END-- [ RunTime:0.004226s ]
INFO: [ app_end ] --START--
INFO: Run Behavior\ShowPageTraceBehavior [ RunTime:0.004511s ]
INFO: [ app_end ] --END-- [ RunTime:0.005047s ]

[ 2017-07-29T15:24:26+08:00 ] ::1 /erongchuang/index.php/Admin/Xiangmu/class_list.html
INFO: [ app_init ] --START--
INFO: Run Behavior\BuildLiteBehavior [ RunTime:0.000107s ]
INFO: [ app_init ] --END-- [ RunTime:0.003579s ]
INFO: [ app_begin ] --START--
INFO: Run Behavior\ReadHtmlCacheBehavior [ RunTime:0.004232s ]
INFO: [ app_begin ] --END-- [ RunTime:0.004914s ]
SQL: SHOW COLUMNS FROM `admin_xiangmu` [ RunTime:0.0271s ]
SQL: SELECT COUNT(*) AS tp_count FROM `admin_xiangmu` LIMIT 1   [ RunTime:0.0009s ]
SQL: SELECT * FROM `admin_xiangmu` ORDER BY id desc LIMIT 0,20   [ RunTime:0.0014s ]
INFO: [ view_parse ] --START--
INFO: [ template_filter ] --START--
INFO: Run Behavior\ContentReplaceBehavior [ RunTime:0.001030s ]
INFO: [ template_filter ] --END-- [ RunTime:0.001648s ]
INFO: Run Behavior\ParseTemplateBehavior [ RunTime:0.079099s ]
INFO: [ view_parse ] --END-- [ RunTime:0.079613s ]
INFO: [ view_filter ] --START--
INFO: Run Behavior\WriteHtmlCacheBehavior [ RunTime:0.003306s ]
INFO: [ view_filter ] --END-- [ RunTime:0.003770s ]
INFO: [ app_end ] --START--
INFO: Run Behavior\ShowPageTraceBehavior [ RunTime:0.005769s ]
INFO: [ app_end ] --END-- [ RunTime:0.006463s ]

[ 2017-07-29T15:24:28+08:00 ] ::1 /erongchuang/index.php/Admin/Lunbo/class_list.html
INFO: [ app_init ] --START--
INFO: Run Behavior\BuildLiteBehavior [ RunTime:0.000062s ]
INFO: [ app_init ] --END-- [ RunTime:0.001140s ]
INFO: [ app_begin ] --START--
INFO: Run Behavior\ReadHtmlCacheBehavior [ RunTime:0.001515s ]
INFO: [ app_begin ] --END-- [ RunTime:0.001708s ]
SQL: SHOW COLUMNS FROM `admin_lunbo` [ RunTime:0.0073s ]
SQL: SELECT COUNT(*) AS tp_count FROM `admin_lunbo` LIMIT 1   [ RunTime:0.0004s ]
SQL: SELECT * FROM `admin_lunbo` ORDER BY id desc LIMIT 0,20   [ RunTime:0.0007s ]
INFO: [ view_parse ] --START--
INFO: [ template_filter ] --START--
INFO: Run Behavior\ContentReplaceBehavior [ RunTime:0.000410s ]
INFO: [ template_filter ] --END-- [ RunTime:0.000734s ]
INFO: Run Behavior\ParseTemplateBehavior [ RunTime:0.035307s ]
INFO: [ view_parse ] --END-- [ RunTime:0.035596s ]
INFO: [ view_filter ] --START--
INFO: Run Behavior\WriteHtmlCacheBehavior [ RunTime:0.001857s ]
INFO: [ view_filter ] --END-- [ RunTime:0.002135s ]
INFO: [ app_end ] --START--
INFO: Run Behavior\ShowPageTraceBehavior [ RunTime:0.002637s ]
INFO: [ app_end ] --END-- [ RunTime:0.002938s ]

[ 2017-07-29T15:24:31+08:00 ] ::1 /erongchuang/index.php/Admin/Index/class_list.html
INFO: [ app_init ] --START--
INFO: Run Behavior\BuildLiteBehavior [ RunTime:0.000076s ]
INFO: [ app_init ] --END-- [ RunTime:0.002707s ]
INFO: [ app_begin ] --START--
INFO: Run Behavior\ReadHtmlCacheBehavior [ RunTime:0.002582s ]
INFO: [ app_begin ] --END-- [ RunTime:0.002904s ]
SQL: SHOW COLUMNS FROM `admin_index` [ RunTime:0.0184s ]
SQL: SELECT COUNT(*) AS tp_count FROM `admin_index` LIMIT 1   [ RunTime:0.0006s ]
SQL: SELECT * FROM `admin_index` ORDER BY id desc LIMIT 0,20   [ RunTime:0.0011s ]
INFO: [ view_parse ] --START--
INFO: [ template_filter ] --START--
INFO: Run Behavior\ContentReplaceBehavior [ RunTime:0.000683s ]
INFO: [ template_filter ] --END-- [ RunTime:0.001118s ]
INFO: Run Behavior\ParseTemplateBehavior [ RunTime:0.047975s ]
INFO: [ view_parse ] --END-- [ RunTime:0.048313s ]
INFO: [ view_filter ] --START--
INFO: Run Behavior\WriteHtmlCacheBehavior [ RunTime:0.002169s ]
INFO: [ view_filter ] --END-- [ RunTime:0.002465s ]
INFO: [ app_end ] --START--
INFO: Run Behavior\ShowPageTraceBehavior [ RunTime:0.003053s ]
INFO: [ app_end ] --END-- [ RunTime:0.003365s ]

[ 2017-07-29T15:24:33+08:00 ] ::1 /erongchuang/index.php/Admin/Service/index.html
INFO: [ app_init ] --START--
INFO: Run Behavior\BuildLiteBehavior [ RunTime:0.000040s ]
INFO: [ app_init ] --END-- [ RunTime:0.001013s ]
INFO: [ app_begin ] --START--
INFO: Run Behavior\ReadHtmlCacheBehavior [ RunTime:0.001451s ]
INFO: [ app_begin ] --END-- [ RunTime:0.001633s ]
SQL: SHOW COLUMNS FROM `admin_service` [ RunTime:0.0086s ]
SQL: SELECT COUNT(*) AS tp_count FROM `admin_service` LIMIT 1   [ RunTime:0.0005s ]
SQL: SELECT * FROM `admin_service` WHERE ( status=1 ) ORDER BY id asc LIMIT 0,10   [ RunTime:0.0008s ]
INFO: [ view_parse ] --START--
INFO: [ template_filter ] --START--
INFO: Run Behavior\ContentReplaceBehavior [ RunTime:0.000482s ]
INFO: [ template_filter ] --END-- [ RunTime:0.000835s ]
NOTIC: [8] Undefined index: img C:\wamp\www\erongchuang\Application\Runtime\Cache\Admin\de90e57f1e393c8fb05b51c99d43a132.php 第 150 行.
NOTIC: [8] Undefined index: times C:\wamp\www\erongchuang\Application\Runtime\Cache\Admin\de90e57f1e393c8fb05b51c99d43a132.php 第 151 行.
SQL: SELECT * FROM `admin_service` WHERE `pid` = 1 ORDER BY id desc  [ RunTime:0.0008s ]
NOTIC: [8] Undefined index: img C:\wamp\www\erongchuang\Application\Runtime\Cache\Admin\de90e57f1e393c8fb05b51c99d43a132.php 第 165 行.
NOTIC: [8] Undefined index: times C:\wamp\www\erongchuang\Application\Runtime\Cache\Admin\de90e57f1e393c8fb05b51c99d43a132.php 第 166 行.
NOTIC: [8] Undefined index: img C:\wamp\www\erongchuang\Application\Runtime\Cache\Admin\de90e57f1e393c8fb05b51c99d43a132.php 第 165 行.
NOTIC: [8] Undefined index: times C:\wamp\www\erongchuang\Application\Runtime\Cache\Admin\de90e57f1e393c8fb05b51c99d43a132.php 第 166 行.
NOTIC: [8] Undefined index: img C:\wamp\www\erongchuang\Application\Runtime\Cache\Admin\de90e57f1e393c8fb05b51c99d43a132.php 第 165 行.
NOTIC: [8] Undefined index: times C:\wamp\www\erongchuang\Application\Runtime\Cache\Admin\de90e57f1e393c8fb05b51c99d43a132.php 第 166 行.
NOTIC: [8] Undefined index: img C:\wamp\www\erongchuang\Application\Runtime\Cache\Admin\de90e57f1e393c8fb05b51c99d43a132.php 第 165 行.
NOTIC: [8] Undefined index: times C:\wamp\www\erongchuang\Application\Runtime\Cache\Admin\de90e57f1e393c8fb05b51c99d43a132.php 第 166 行.
NOTIC: [8] Undefined index: img C:\wamp\www\erongchuang\Application\Runtime\Cache\Admin\de90e57f1e393c8fb05b51c99d43a132.php 第 165 行.
NOTIC: [8] Undefined index: times C:\wamp\www\erongchuang\Application\Runtime\Cache\Admin\de90e57f1e393c8fb05b51c99d43a132.php 第 166 行.
NOTIC: [8] Undefined index: img C:\wamp\www\erongchuang\Application\Runtime\Cache\Admin\de90e57f1e393c8fb05b51c99d43a132.php 第 150 行.
NOTIC: [8] Undefined index: times C:\wamp\www\erongchuang\Application\Runtime\Cache\Admin\de90e57f1e393c8fb05b51c99d43a132.php 第 151 行.
SQL: SELECT * FROM `admin_service` WHERE `pid` = 2 ORDER BY id desc  [ RunTime:0.0008s ]
NOTIC: [8] Undefined index: img C:\wamp\www\erongchuang\Application\Runtime\Cache\Admin\de90e57f1e393c8fb05b51c99d43a132.php 第 165 行.
NOTIC: [8] Undefined index: times C:\wamp\www\erongchuang\Application\Runtime\Cache\Admin\de90e57f1e393c8fb05b51c99d43a132.php 第 166 行.
NOTIC: [8] Undefined index: img C:\wamp\www\erongchuang\Application\Runtime\Cache\Admin\de90e57f1e393c8fb05b51c99d43a132.php 第 165 行.
NOTIC: [8] Undefined index: times C:\wamp\www\erongchuang\Application\Runtime\Cache\Admin\de90e57f1e393c8fb05b51c99d43a132.php 第 166 行.
NOTIC: [8] Undefined index: img C:\wamp\www\erongchuang\Application\Runtime\Cache\Admin\de90e57f1e393c8fb05b51c99d43a132.php 第 165 行.
NOTIC: [8] Undefined index: times C:\wamp\www\erongchuang\Application\Runtime\Cache\Admin\de90e57f1e393c8fb05b51c99d43a132.php 第 166 行.
NOTIC: [8] Undefined index: img C:\wamp\www\erongchuang\Application\Runtime\Cache\Admin\de90e57f1e393c8fb05b51c99d43a132.php 第 165 行.
NOTIC: [8] Undefined index: times C:\wamp\www\erongchuang\Application\Runtime\Cache\Admin\de90e57f1e393c8fb05b51c99d43a132.php 第 166 行.
NOTIC: [8] Undefined index: img C:\wamp\www\erongchuang\Application\Runtime\Cache\Admin\de90e57f1e393c8fb05b51c99d43a132.php 第 150 行.
NOTIC: [8] Undefined index: times C:\wamp\www\erongchuang\Application\Runtime\Cache\Admin\de90e57f1e393c8fb05b51c99d43a132.php 第 151 行.
SQL: SELECT * FROM `admin_service` WHERE `pid` = 3 ORDER BY id desc  [ RunTime:0.0009s ]
NOTIC: [8] Undefined index: img C:\wamp\www\erongchuang\Application\Runtime\Cache\Admin\de90e57f1e393c8fb05b51c99d43a132.php 第 165 行.
NOTIC: [8] Undefined index: times C:\wamp\www\erongchuang\Application\Runtime\Cache\Admin\de90e57f1e393c8fb05b51c99d43a132.php 第 166 行.
NOTIC: [8] Undefined index: img C:\wamp\www\erongchuang\Application\Runtime\Cache\Admin\de90e57f1e393c8fb05b51c99d43a132.php 第 165 行.
NOTIC: [8] Undefined index: times C:\wamp\www\erongchuang\Application\Runtime\Cache\Admin\de90e57f1e393c8fb05b51c99d43a132.php 第 166 行.
NOTIC: [8] Undefined index: img C:\wamp\www\erongchuang\Application\Runtime\Cache\Admin\de90e57f1e393c8fb05b51c99d43a132.php 第 150 行.
NOTIC: [8] Undefined index: times C:\wamp\www\erongchuang\Application\Runtime\Cache\Admin\de90e57f1e393c8fb05b51c99d43a132.php 第 151 行.
SQL: SELECT * FROM `admin_service` WHERE `pid` = 4 ORDER BY id desc  [ RunTime:0.0007s ]
NOTIC: [8] Undefined index: img C:\wamp\www\erongchuang\Application\Runtime\Cache\Admin\de90e57f1e393c8fb05b51c99d43a132.php 第 165 行.
NOTIC: [8] Undefined index: times C:\wamp\www\erongchuang\Application\Runtime\Cache\Admin\de90e57f1e393c8fb05b51c99d43a132.php 第 166 行.
NOTIC: [8] Undefined index: img C:\wamp\www\erongchuang\Application\Runtime\Cache\Admin\de90e57f1e393c8fb05b51c99d43a132.php 第 150 行.
NOTIC: [8] Undefined index: times C:\wamp\www\erongchuang\Application\Runtime\Cache\Admin\de90e57f1e393c8fb05b51c99d43a132.php 第 151 行.
SQL: SELECT * FROM `admin_service` WHERE `pid` = 5 ORDER BY id desc  [ RunTime:0.0007s ]
NOTIC: [8] Undefined index: img C:\wamp\www\erongchuang\Application\Runtime\Cache\Admin\de90e57f1e393c8fb05b51c99d43a132.php 第 165 行.
NOTIC: [8] Undefined index: times C:\wamp\www\erongchuang\Application\Runtime\Cache\Admin\de90e57f1e393c8fb05b51c99d43a132.php 第 166 行.
NOTIC: [8] Undefined index: img C:\wamp\www\erongchuang\Application\Runtime\Cache\Admin\de90e57f1e393c8fb05b51c99d43a132.php 第 150 行.
NOTIC: [8] Undefined index: times C:\wamp\www\erongchuang\Application\Runtime\Cache\Admin\de90e57f1e393c8fb05b51c99d43a132.php 第 151 行.
SQL: SELECT * FROM `admin_service` WHERE `pid` = 6 ORDER BY id desc  [ RunTime:0.0007s ]
NOTIC: [8] Undefined index: img C:\wamp\www\erongchuang\Application\Runtime\Cache\Admin\de90e57f1e393c8fb05b51c99d43a132.php 第 150 行.
NOTIC: [8] Undefined index: times C:\wamp\www\erongchuang\Application\Runtime\Cache\Admin\de90e57f1e393c8fb05b51c99d43a132.php 第 151 行.
SQL: SELECT * FROM `admin_service` WHERE `pid` = 7 ORDER BY id desc  [ RunTime:0.0006s ]
NOTIC: [8] Undefined index: img C:\wamp\www\erongchuang\Application\Runtime\Cache\Admin\de90e57f1e393c8fb05b51c99d43a132.php 第 150 行.
NOTIC: [8] Undefined index: times C:\wamp\www\erongchuang\Application\Runtime\Cache\Admin\de90e57f1e393c8fb05b51c99d43a132.php 第 151 行.
SQL: SELECT * FROM `admin_service` WHERE `pid` = 8 ORDER BY id desc  [ RunTime:0.0007s ]
NOTIC: [8] Undefined index: img C:\wamp\www\erongchuang\Application\Runtime\Cache\Admin\de90e57f1e393c8fb05b51c99d43a132.php 第 150 行.
NOTIC: [8] Undefined index: times C:\wamp\www\erongchuang\Application\Runtime\Cache\Admin\de90e57f1e393c8fb05b51c99d43a132.php 第 151 行.
SQL: SELECT * FROM `admin_service` WHERE `pid` = 9 ORDER BY id desc  [ RunTime:0.0006s ]
NOTIC: [8] Undefined index: img C:\wamp\www\erongchuang\Application\Runtime\Cache\Admin\de90e57f1e393c8fb05b51c99d43a132.php 第 150 行.
NOTIC: [8] Undefined index: times C:\wamp\www\erongchuang\Application\Runtime\Cache\Admin\de90e57f1e393c8fb05b51c99d43a132.php 第 151 行.
SQL: SELECT * FROM `admin_service` WHERE `pid` = 10 ORDER BY id desc  [ RunTime:0.0007s ]
INFO: Run Behavior\ParseTemplateBehavior [ RunTime:0.066015s ]
INFO: [ view_parse ] --END-- [ RunTime:0.066184s ]
INFO: [ view_filter ] --START--
INFO: Run Behavior\WriteHtmlCacheBehavior [ RunTime:0.001270s ]
INFO: [ view_filter ] --END-- [ RunTime:0.001433s ]
INFO: [ app_end ] --START--
INFO: Run Behavior\ShowPageTraceBehavior [ RunTime:0.001527s ]
INFO: [ app_end ] --END-- [ RunTime:0.001695s ]

[ 2017-07-29T15:24:40+08:00 ] ::1 /erongchuang/index.php/Admin/Service/edit/id/1.html
INFO: [ app_init ] --START--
INFO: Run Behavior\BuildLiteBehavior [ RunTime:0.000104s ]
INFO: [ app_init ] --END-- [ RunTime:0.002719s ]
INFO: [ app_begin ] --START--
INFO: Run Behavior\ReadHtmlCacheBehavior [ RunTime:0.004921s ]
INFO: [ app_begin ] --END-- [ RunTime:0.006203s ]
SQL: SHOW COLUMNS FROM `admin_service` [ RunTime:0.0174s ]
SQL: SELECT * FROM `admin_service` WHERE ( id=1 ) LIMIT 1   [ RunTime:0.0008s ]
INFO: [ view_parse ] --START--
INFO: [ template_filter ] --START--
INFO: Run Behavior\ContentReplaceBehavior [ RunTime:0.000838s ]
INFO: [ template_filter ] --END-- [ RunTime:0.001312s ]
NOTIC: [8] Undefined index: img C:\wamp\www\erongchuang\Application\Runtime\Cache\Admin\f1dde2bdc745ca85ad29d80ada036377.php 第 162 行.
NOTIC: [8] Undefined index: img C:\wamp\www\erongchuang\Application\Runtime\Cache\Admin\f1dde2bdc745ca85ad29d80ada036377.php 第 163 行.
INFO: Run Behavior\ParseTemplateBehavior [ RunTime:0.034063s ]
INFO: [ view_parse ] --END-- [ RunTime:0.034323s ]
INFO: [ view_filter ] --START--
INFO: Run Behavior\WriteHtmlCacheBehavior [ RunTime:0.000959s ]
INFO: [ view_filter ] --END-- [ RunTime:0.001073s ]
INFO: [ app_end ] --START--
INFO: Run Behavior\ShowPageTraceBehavior [ RunTime:0.001196s ]
INFO: [ app_end ] --END-- [ RunTime:0.001330s ]

[ 2017-07-29T15:24:55+08:00 ] ::1 /erongchuang/index.php/Admin/Service/index.html
INFO: [ app_init ] --START--
INFO: Run Behavior\BuildLiteBehavior [ RunTime:0.000103s ]
INFO: [ app_init ] --END-- [ RunTime:0.002773s ]
INFO: [ app_begin ] --START--
INFO: Run Behavior\ReadHtmlCacheBehavior [ RunTime:0.004871s ]
INFO: [ app_begin ] --END-- [ RunTime:0.005380s ]
SQL: SHOW COLUMNS FROM `admin_service` [ RunTime:0.0237s ]
SQL: SELECT COUNT(*) AS tp_count FROM `admin_service` LIMIT 1   [ RunTime:0.0009s ]
SQL: SELECT * FROM `admin_service` WHERE ( status=1 ) ORDER BY id asc LIMIT 0,10   [ RunTime:0.0020s ]
INFO: [ view_parse ] --START--
INFO: [ template_filter ] --START--
INFO: Run Behavior\ContentReplaceBehavior [ RunTime:0.000851s ]
INFO: [ template_filter ] --END-- [ RunTime:0.001441s ]
NOTIC: [8] Undefined index: img C:\wamp\www\erongchuang\Application\Runtime\Cache\Admin\de90e57f1e393c8fb05b51c99d43a132.php 第 150 行.
NOTIC: [8] Undefined index: times C:\wamp\www\erongchuang\Application\Runtime\Cache\Admin\de90e57f1e393c8fb05b51c99d43a132.php 第 151 行.
SQL: SELECT * FROM `admin_service` WHERE `pid` = 1 ORDER BY id desc  [ RunTime:0.0022s ]
NOTIC: [8] Undefined index: img C:\wamp\www\erongchuang\Application\Runtime\Cache\Admin\de90e57f1e393c8fb05b51c99d43a132.php 第 165 行.
NOTIC: [8] Undefined index: times C:\wamp\www\erongchuang\Application\Runtime\Cache\Admin\de90e57f1e393c8fb05b51c99d43a132.php 第 166 行.
NOTIC: [8] Undefined index: img C:\wamp\www\erongchuang\Application\Runtime\Cache\Admin\de90e57f1e393c8fb05b51c99d43a132.php 第 165 行.
NOTIC: [8] Undefined index: times C:\wamp\www\erongchuang\Application\Runtime\Cache\Admin\de90e57f1e393c8fb05b51c99d43a132.php 第 166 行.
NOTIC: [8] Undefined index: img C:\wamp\www\erongchuang\Application\Runtime\Cache\Admin\de90e57f1e393c8fb05b51c99d43a132.php 第 165 行.
NOTIC: [8] Undefined index: times C:\wamp\www\erongchuang\Application\Runtime\Cache\Admin\de90e57f1e393c8fb05b51c99d43a132.php 第 166 行.
NOTIC: [8] Undefined index: img C:\wamp\www\erongchuang\Application\Runtime\Cache\Admin\de90e57f1e393c8fb05b51c99d43a132.php 第 165 行.
NOTIC: [8] Undefined index: times C:\wamp\www\erongchuang\Application\Runtime\Cache\Admin\de90e57f1e393c8fb05b51c99d43a132.php 第 166 行.
NOTIC: [8] Undefined index: img C:\wamp\www\erongchuang\Application\Runtime\Cache\Admin\de90e57f1e393c8fb05b51c99d43a132.php 第 165 行.
NOTIC: [8] Undefined index: times C:\wamp\www\erongchuang\Application\Runtime\Cache\Admin\de90e57f1e393c8fb05b51c99d43a132.php 第 166 行.
NOTIC: [8] Undefined index: img C:\wamp\www\erongchuang\Application\Runtime\Cache\Admin\de90e57f1e393c8fb05b51c99d43a132.php 第 150 行.
NOTIC: [8] Undefined index: times C:\wamp\www\erongchuang\Application\Runtime\Cache\Admin\de90e57f1e393c8fb05b51c99d43a132.php 第 151 行.
SQL: SELECT * FROM `admin_service` WHERE `pid` = 2 ORDER BY id desc  [ RunTime:0.0021s ]
NOTIC: [8] Undefined index: img C:\wamp\www\erongchuang\Application\Runtime\Cache\Admin\de90e57f1e393c8fb05b51c99d43a132.php 第 165 行.
NOTIC: [8] Undefined index: times C:\wamp\www\erongchuang\Application\Runtime\Cache\Admin\de90e57f1e393c8fb05b51c99d43a132.php 第 166 行.
NOTIC: [8] Undefined index: img C:\wamp\www\erongchuang\Application\Runtime\Cache\Admin\de90e57f1e393c8fb05b51c99d43a132.php 第 165 行.
NOTIC: [8] Undefined index: times C:\wamp\www\erongchuang\Application\Runtime\Cache\Admin\de90e57f1e393c8fb05b51c99d43a132.php 第 166 行.
NOTIC: [8] Undefined index: img C:\wamp\www\erongchuang\Application\Runtime\Cache\Admin\de90e57f1e393c8fb05b51c99d43a132.php 第 165 行.
NOTIC: [8] Undefined index: times C:\wamp\www\erongchuang\Application\Runtime\Cache\Admin\de90e57f1e393c8fb05b51c99d43a132.php 第 166 行.
NOTIC: [8] Undefined index: img C:\wamp\www\erongchuang\Application\Runtime\Cache\Admin\de90e57f1e393c8fb05b51c99d43a132.php 第 165 行.
NOTIC: [8] Undefined index: times C:\wamp\www\erongchuang\Application\Runtime\Cache\Admin\de90e57f1e393c8fb05b51c99d43a132.php 第 166 行.
NOTIC: [8] Undefined index: img C:\wamp\www\erongchuang\Application\Runtime\Cache\Admin\de90e57f1e393c8fb05b51c99d43a132.php 第 150 行.
NOTIC: [8] Undefined index: times C:\wamp\www\erongchuang\Application\Runtime\Cache\Admin\de90e57f1e393c8fb05b51c99d43a132.php 第 151 行.
SQL: SELECT * FROM `admin_service` WHERE `pid` = 3 ORDER BY id desc  [ RunTime:0.0025s ]
NOTIC: [8] Undefined index: img C:\wamp\www\erongchuang\Application\Runtime\Cache\Admin\de90e57f1e393c8fb05b51c99d43a132.php 第 165 行.
NOTIC: [8] Undefined index: times C:\wamp\www\erongchuang\Application\Runtime\Cache\Admin\de90e57f1e393c8fb05b51c99d43a132.php 第 166 行.
NOTIC: [8] Undefined index: img C:\wamp\www\erongchuang\Application\Runtime\Cache\Admin\de90e57f1e393c8fb05b51c99d43a132.php 第 165 行.
NOTIC: [8] Undefined index: times C:\wamp\www\erongchuang\Application\Runtime\Cache\Admin\de90e57f1e393c8fb05b51c99d43a132.php 第 166 行.
NOTIC: [8] Undefined index: img C:\wamp\www\erongchuang\Application\Runtime\Cache\Admin\de90e57f1e393c8fb05b51c99d43a132.php 第 150 行.
NOTIC: [8] Undefined index: times C:\wamp\www\erongchuang\Application\Runtime\Cache\Admin\de90e57f1e393c8fb05b51c99d43a132.php 第 151 行.
SQL: SELECT * FROM `admin_service` WHERE `pid` = 4 ORDER BY id desc  [ RunTime:0.0015s ]
NOTIC: [8] Undefined index: img C:\wamp\www\erongchuang\Application\Runtime\Cache\Admin\de90e57f1e393c8fb05b51c99d43a132.php 第 165 行.
NOTIC: [8] Undefined index: times C:\wamp\www\erongchuang\Application\Runtime\Cache\Admin\de90e57f1e393c8fb05b51c99d43a132.php 第 166 行.
NOTIC: [8] Undefined index: img C:\wamp\www\erongchuang\Application\Runtime\Cache\Admin\de90e57f1e393c8fb05b51c99d43a132.php 第 150 行.
NOTIC: [8] Undefined index: times C:\wamp\www\erongchuang\Application\Runtime\Cache\Admin\de90e57f1e393c8fb05b51c99d43a132.php 第 151 行.
SQL: SELECT * FROM `admin_service` WHERE `pid` = 5 ORDER BY id desc  [ RunTime:0.0015s ]
NOTIC: [8] Undefined index: img C:\wamp\www\erongchuang\Application\Runtime\Cache\Admin\de90e57f1e393c8fb05b51c99d43a132.php 第 165 行.
NOTIC: [8] Undefined index: times C:\wamp\www\erongchuang\Application\Runtime\Cache\Admin\de90e57f1e393c8fb05b51c99d43a132.php 第 166 行.
NOTIC: [8] Undefined index: img C:\wamp\www\erongchuang\Application\Runtime\Cache\Admin\de90e57f1e393c8fb05b51c99d43a132.php 第 150 行.
NOTIC: [8] Undefined index: times C:\wamp\www\erongchuang\Application\Runtime\Cache\Admin\de90e57f1e393c8fb05b51c99d43a132.php 第 151 行.
SQL: SELECT * FROM `admin_service` WHERE `pid` = 6 ORDER BY id desc  [ RunTime:0.0016s ]
NOTIC: [8] Undefined index: img C:\wamp\www\erongchuang\Application\Runtime\Cache\Admin\de90e57f1e393c8fb05b51c99d43a132.php 第 150 行.
NOTIC: [8] Undefined index: times C:\wamp\www\erongchuang\Application\Runtime\Cache\Admin\de90e57f1e393c8fb05b51c99d43a132.php 第 151 行.
SQL: SELECT * FROM `admin_service` WHERE `pid` = 7 ORDER BY id desc  [ RunTime:0.0017s ]
NOTIC: [8] Undefined index: img C:\wamp\www\erongchuang\Application\Runtime\Cache\Admin\de90e57f1e393c8fb05b51c99d43a132.php 第 150 行.
NOTIC: [8] Undefined index: times C:\wamp\www\erongchuang\Application\Runtime\Cache\Admin\de90e57f1e393c8fb05b51c99d43a132.php 第 151 行.
SQL: SELECT * FROM `admin_service` WHERE `pid` = 8 ORDER BY id desc  [ RunTime:0.0017s ]
NOTIC: [8] Undefined index: img C:\wamp\www\erongchuang\Application\Runtime\Cache\Admin\de90e57f1e393c8fb05b51c99d43a132.php 第 150 行.
NOTIC: [8] Undefined index: times C:\wamp\www\erongchuang\Application\Runtime\Cache\Admin\de90e57f1e393c8fb05b51c99d43a132.php 第 151 行.
SQL: SELECT * FROM `admin_service` WHERE `pid` = 9 ORDER BY id desc  [ RunTime:0.0013s ]
NOTIC: [8] Undefined index: img C:\wamp\www\erongchuang\Application\Runtime\Cache\Admin\de90e57f1e393c8fb05b51c99d43a132.php 第 150 行.
NOTIC: [8] Undefined index: times C:\wamp\www\erongchuang\Application\Runtime\Cache\Admin\de90e57f1e393c8fb05b51c99d43a132.php 第 151 行.
SQL: SELECT * FROM `admin_service` WHERE `pid` = 10 ORDER BY id desc  [ RunTime:0.0016s ]
INFO: Run Behavior\ParseTemplateBehavior [ RunTime:0.169775s ]
INFO: [ view_parse ] --END-- [ RunTime:0.170367s ]
INFO: [ view_filter ] --START--
INFO: Run Behavior\WriteHtmlCacheBehavior [ RunTime:0.003443s ]
INFO: [ view_filter ] --END-- [ RunTime:0.004075s ]
INFO: [ app_end ] --START--
INFO: Run Behavior\ShowPageTraceBehavior [ RunTime:0.004122s ]
INFO: [ app_end ] --END-- [ RunTime:0.004813s ]

[ 2017-07-29T15:24:57+08:00 ] ::1 /erongchuang/index.php/Admin/Nav/index.html
INFO: [ app_init ] --START--
INFO: Run Behavior\BuildLiteBehavior [ RunTime:0.000041s ]
INFO: [ app_init ] --END-- [ RunTime:0.000939s ]
INFO: [ app_begin ] --START--
INFO: Run Behavior\ReadHtmlCacheBehavior [ RunTime:0.001471s ]
INFO: [ app_begin ] --END-- [ RunTime:0.001724s ]
SQL: SHOW COLUMNS FROM `admin_nav` [ RunTime:0.0078s ]
SQL: SELECT COUNT(*) AS tp_count FROM `admin_nav` LIMIT 1   [ RunTime:0.0005s ]
SQL: SELECT * FROM `admin_nav` WHERE ( status=1 ) ORDER BY id asc LIMIT 0,10   [ RunTime:0.0009s ]
INFO: [ view_parse ] --START--
INFO: [ template_filter ] --START--
INFO: Run Behavior\ContentReplaceBehavior [ RunTime:0.000277s ]
INFO: [ template_filter ] --END-- [ RunTime:0.000507s ]
INFO: Run Behavior\ParseTemplateBehavior [ RunTime:0.032712s ]
INFO: [ view_parse ] --END-- [ RunTime:0.032972s ]
INFO: [ view_filter ] --START--
INFO: Run Behavior\WriteHtmlCacheBehavior [ RunTime:0.001327s ]
INFO: [ view_filter ] --END-- [ RunTime:0.001499s ]
INFO: [ app_end ] --START--
INFO: Run Behavior\ShowPageTraceBehavior [ RunTime:0.001553s ]
INFO: [ app_end ] --END-- [ RunTime:0.001732s ]

[ 2017-07-29T15:25:00+08:00 ] ::1 /erongchuang/index.php/Admin/Nav/edit/id/1.html
INFO: [ app_init ] --START--
INFO: Run Behavior\BuildLiteBehavior [ RunTime:0.000073s ]
INFO: [ app_init ] --END-- [ RunTime:0.002091s ]
INFO: [ app_begin ] --START--
INFO: Run Behavior\ReadHtmlCacheBehavior [ RunTime:0.002686s ]
INFO: [ app_begin ] --END-- [ RunTime:0.003021s ]
SQL: SHOW COLUMNS FROM `admin_nav` [ RunTime:0.1377s ]
SQL: SELECT * FROM `admin_nav` WHERE ( id=1 ) LIMIT 1   [ RunTime:0.0014s ]
INFO: [ view_parse ] --START--
INFO: [ template_filter ] --START--
INFO: Run Behavior\ContentReplaceBehavior [ RunTime:0.001015s ]
INFO: [ template_filter ] --END-- [ RunTime:0.001718s ]
INFO: Run Behavior\ParseTemplateBehavior [ RunTime:0.052212s ]
INFO: [ view_parse ] --END-- [ RunTime:0.052654s ]
INFO: [ view_filter ] --START--
INFO: Run Behavior\WriteHtmlCacheBehavior [ RunTime:0.001909s ]
INFO: [ view_filter ] --END-- [ RunTime:0.002172s ]
INFO: [ app_end ] --START--
INFO: Run Behavior\ShowPageTraceBehavior [ RunTime:0.002724s ]
INFO: [ app_end ] --END-- [ RunTime:0.003063s ]

[ 2017-07-29T15:25:03+08:00 ] ::1 /erongchuang/index.php/Admin/Nav/index.html
INFO: [ app_init ] --START--
INFO: Run Behavior\BuildLiteBehavior [ RunTime:0.000072s ]
INFO: [ app_init ] --END-- [ RunTime:0.001930s ]
INFO: [ app_begin ] --START--
INFO: Run Behavior\ReadHtmlCacheBehavior [ RunTime:0.002454s ]
INFO: [ app_begin ] --END-- [ RunTime:0.002768s ]
SQL: SHOW COLUMNS FROM `admin_nav` [ RunTime:0.0164s ]
SQL: SELECT COUNT(*) AS tp_count FROM `admin_nav` LIMIT 1   [ RunTime:0.0006s ]
SQL: SELECT * FROM `admin_nav` WHERE ( status=1 ) ORDER BY id asc LIMIT 0,10   [ RunTime:0.0013s ]
INFO: [ view_parse ] --START--
INFO: [ template_filter ] --START--
INFO: Run Behavior\ContentReplaceBehavior [ RunTime:0.000438s ]
INFO: [ template_filter ] --END-- [ RunTime:0.000769s ]
INFO: Run Behavior\ParseTemplateBehavior [ RunTime:0.045690s ]
INFO: [ view_parse ] --END-- [ RunTime:0.046098s ]
INFO: [ view_filter ] --START--
INFO: Run Behavior\WriteHtmlCacheBehavior [ RunTime:0.001922s ]
INFO: [ view_filter ] --END-- [ RunTime:0.002295s ]
INFO: [ app_end ] --START--
INFO: Run Behavior\ShowPageTraceBehavior [ RunTime:0.003045s ]
INFO: [ app_end ] --END-- [ RunTime:0.003424s ]

[ 2017-07-29T15:26:06+08:00 ] ::1 /erongchuang/index.php/Admin/Xinwen/class_list.html
INFO: [ app_init ] --START--
INFO: Run Behavior\BuildLiteBehavior [ RunTime:0.000102s ]
INFO: [ app_init ] --END-- [ RunTime:0.002704s ]
INFO: [ app_begin ] --START--
INFO: Run Behavior\ReadHtmlCacheBehavior [ RunTime:0.003922s ]
INFO: [ app_begin ] --END-- [ RunTime:0.004418s ]
SQL: SHOW COLUMNS FROM `admin_xinwen` [ RunTime:0.1478s ]
SQL: SELECT COUNT(*) AS tp_count FROM `admin_xinwen` LIMIT 1   [ RunTime:0.0011s ]
SQL: SELECT * FROM `admin_xinwen` ORDER BY id desc LIMIT 0,20   [ RunTime:0.0017s ]
INFO: [ view_parse ] --START--
INFO: [ template_filter ] --START--
INFO: Run Behavior\ContentReplaceBehavior [ RunTime:0.000733s ]
INFO: [ template_filter ] --END-- [ RunTime:0.001253s ]
INFO: Run Behavior\ParseTemplateBehavior [ RunTime:0.075851s ]
INFO: [ view_parse ] --END-- [ RunTime:0.076349s ]
INFO: [ view_filter ] --START--
INFO: Run Behavior\WriteHtmlCacheBehavior [ RunTime:0.003240s ]
INFO: [ view_filter ] --END-- [ RunTime:0.003675s ]
INFO: [ app_end ] --START--
INFO: Run Behavior\ShowPageTraceBehavior [ RunTime:0.004043s ]
INFO: [ app_end ] --END-- [ RunTime:0.004486s ]

[ 2017-07-29T15:26:10+08:00 ] ::1 /erongchuang/index.php/Admin/Xinwen/edit/id/22.html
INFO: [ app_init ] --START--
INFO: Run Behavior\BuildLiteBehavior [ RunTime:0.000131s ]
INFO: [ app_init ] --END-- [ RunTime:0.003412s ]
INFO: [ app_begin ] --START--
INFO: Run Behavior\ReadHtmlCacheBehavior [ RunTime:0.004133s ]
INFO: [ app_begin ] --END-- [ RunTime:0.004634s ]
SQL: SHOW COLUMNS FROM `admin_xinwen` [ RunTime:0.0164s ]
SQL: SELECT * FROM `admin_xinwen` WHERE ( id=22 ) LIMIT 1   [ RunTime:0.0008s ]
INFO: [ view_parse ] --START--
INFO: [ template_filter ] --START--
INFO: Run Behavior\ContentReplaceBehavior [ RunTime:0.000537s ]
INFO: [ template_filter ] --END-- [ RunTime:0.000901s ]
INFO: Run Behavior\ParseTemplateBehavior [ RunTime:0.037170s ]
INFO: [ view_parse ] --END-- [ RunTime:0.037499s ]
INFO: [ view_filter ] --START--
INFO: Run Behavior\WriteHtmlCacheBehavior [ RunTime:0.001911s ]
INFO: [ view_filter ] --END-- [ RunTime:0.002172s ]
INFO: [ app_end ] --START--
INFO: Run Behavior\ShowPageTraceBehavior [ RunTime:0.002409s ]
INFO: [ app_end ] --END-- [ RunTime:0.002676s ]

[ 2017-07-29T15:26:19+08:00 ] ::1 /erongchuang/index.php/Admin/Xinwen/edit/id/22.html
INFO: [ app_init ] --START--
INFO: Run Behavior\BuildLiteBehavior [ RunTime:0.000101s ]
INFO: [ app_init ] --END-- [ RunTime:0.002710s ]
INFO: [ app_begin ] --START--
INFO: Run Behavior\ReadHtmlCacheBehavior [ RunTime:0.004102s ]
INFO: [ app_begin ] --END-- [ RunTime:0.005009s ]
SQL: SHOW COLUMNS FROM `admin_xinwen` [ RunTime:0.0234s ]
SQL: SELECT * FROM `admin_xinwen` WHERE ( id=22 ) LIMIT 1   [ RunTime:0.0014s ]
SQL: UPDATE `admin_xinwen` SET `name`='释放智慧镇江建设一揽子计划 软通动...',`content`='&lt;p&gt;234&lt;/p&gt;',`img`='upload/images/20177/2017719182028313315.jpg',`times`='1501313179' WHERE ( id='22' ) [ RunTime:0.0014s ]

[ 2017-07-29T15:26:20+08:00 ] ::1 /erongchuang/index.php/Admin/Xinwen/class_list.html
INFO: [ app_init ] --START--
INFO: Run Behavior\BuildLiteBehavior [ RunTime:0.000072s ]
INFO: [ app_init ] --END-- [ RunTime:0.001899s ]
INFO: [ app_begin ] --START--
INFO: Run Behavior\ReadHtmlCacheBehavior [ RunTime:0.002551s ]
INFO: [ app_begin ] --END-- [ RunTime:0.002916s ]
SQL: SHOW COLUMNS FROM `admin_xinwen` [ RunTime:0.0143s ]
SQL: SELECT COUNT(*) AS tp_count FROM `admin_xinwen` LIMIT 1   [ RunTime:0.0007s ]
SQL: SELECT * FROM `admin_xinwen` ORDER BY id desc LIMIT 0,20   [ RunTime:0.0016s ]
INFO: [ view_parse ] --START--
INFO: [ template_filter ] --START--
INFO: Run Behavior\ContentReplaceBehavior [ RunTime:0.000499s ]
INFO: [ template_filter ] --END-- [ RunTime:0.000881s ]
INFO: Run Behavior\ParseTemplateBehavior [ RunTime:0.051764s ]
INFO: [ view_parse ] --END-- [ RunTime:0.052108s ]
INFO: [ view_filter ] --START--
INFO: Run Behavior\WriteHtmlCacheBehavior [ RunTime:0.002102s ]
INFO: [ view_filter ] --END-- [ RunTime:0.002394s ]
INFO: [ app_end ] --START--
INFO: Run Behavior\ShowPageTraceBehavior [ RunTime:0.003649s ]
INFO: [ app_end ] --END-- [ RunTime:0.004119s ]

