[ 2017-07-31T11:24:13+08:00 ] ::1 /erongchuang/admin
INFO: [ app_init ] --START--
INFO: Run Behavior\BuildLiteBehavior [ RunTime:0.000000s ]
INFO: [ app_init ] --END-- [ RunTime:0.000000s ]
INFO: [ app_begin ] --START--
INFO: Run Behavior\ReadHtmlCacheBehavior [ RunTime:0.000000s ]
INFO: [ app_begin ] --END-- [ RunTime:0.015600s ]
INFO: [ view_parse ] --START--
INFO: [ template_filter ] --START--
INFO: Run Behavior\ContentReplaceBehavior [ RunTime:0.000000s ]
INFO: [ template_filter ] --END-- [ RunTime:0.000000s ]
INFO: Run Behavior\ParseTemplateBehavior [ RunTime:0.000000s ]
INFO: [ view_parse ] --END-- [ RunTime:0.000000s ]
INFO: [ view_filter ] --START--
INFO: Run Behavior\WriteHtmlCacheBehavior [ RunTime:0.000000s ]
INFO: [ view_filter ] --END-- [ RunTime:0.000000s ]

[ 2017-07-31T11:24:14+08:00 ] ::1 /erongchuang/index.php/Admin/Login/login.html
INFO: [ app_init ] --START--
INFO: Run Behavior\BuildLiteBehavior [ RunTime:0.000000s ]
INFO: [ app_init ] --END-- [ RunTime:0.001000s ]
INFO: [ app_begin ] --START--
INFO: Run Behavior\ReadHtmlCacheBehavior [ RunTime:0.001000s ]
INFO: [ app_begin ] --END-- [ RunTime:0.001000s ]
INFO: [ view_parse ] --START--
INFO: [ template_filter ] --START--
INFO: Run Behavior\ContentReplaceBehavior [ RunTime:0.000000s ]
INFO: [ template_filter ] --END-- [ RunTime:0.001000s ]
INFO: Run Behavior\ParseTemplateBehavior [ RunTime:0.007000s ]
INFO: [ view_parse ] --END-- [ RunTime:0.007000s ]
INFO: [ view_filter ] --START--
INFO: Run Behavior\WriteHtmlCacheBehavior [ RunTime:0.001000s ]
INFO: [ view_filter ] --END-- [ RunTime:0.001000s ]
INFO: [ app_end ] --START--
INFO: Run Behavior\ShowPageTraceBehavior [ RunTime:0.000000s ]
INFO: [ app_end ] --END-- [ RunTime:0.001000s ]

[ 2017-07-31T11:24:23+08:00 ] ::1 /erongchuang/index.php/Admin/Login/login.html
INFO: [ app_init ] --START--
INFO: Run Behavior\BuildLiteBehavior [ RunTime:0.000000s ]
INFO: [ app_init ] --END-- [ RunTime:0.000000s ]
INFO: [ app_begin ] --START--
INFO: Run Behavior\ReadHtmlCacheBehavior [ RunTime:0.001000s ]
INFO: [ app_begin ] --END-- [ RunTime:0.001000s ]
SQL: SHOW COLUMNS FROM `admin_login` [ RunTime:0.0010s ]
SQL: SELECT * FROM `admin_login` WHERE ( username='admin' AND password='admin1234' ) LIMIT 1   [ RunTime:0.0010s ]
NOTIC: [8192] mysql_get_server_info(): The mysql extension is deprecated and will be removed in the future: use mysqli or PDO instead D:\wamp\www\erongchuang\Application\Admin\Controller\LoginController.class.php 第 19 行.
NOTIC: [2] mysql_get_server_info(): Access denied for user ''@'localhost' (using password: NO) D:\wamp\www\erongchuang\Application\Admin\Controller\LoginController.class.php 第 19 行.
NOTIC: [2] mysql_get_server_info(): A link to the server could not be established D:\wamp\www\erongchuang\Application\Admin\Controller\LoginController.class.php 第 19 行.
NOTIC: [8192] mysql_get_server_info(): The mysql extension is deprecated and will be removed in the future: use mysqli or PDO instead D:\wamp\www\erongchuang\Application\Admin\Controller\LoginController.class.php 第 29 行.
NOTIC: [2] mysql_get_server_info(): Access denied for user ''@'localhost' (using password: NO) D:\wamp\www\erongchuang\Application\Admin\Controller\LoginController.class.php 第 29 行.
NOTIC: [2] mysql_get_server_info(): A link to the server could not be established D:\wamp\www\erongchuang\Application\Admin\Controller\LoginController.class.php 第 29 行.
SQL: UPDATE `admin_login` SET `logtime`='1501471463',`logip`='::1',`os`='WINNT',`vs`='5.6.15',`ql`='' WHERE ( username='admin' ) [ RunTime:0.0000s ]

[ 2017-07-31T11:24:24+08:00 ] ::1 /erongchuang/index.php/Admin/Index/index.html
INFO: [ app_init ] --START--
INFO: Run Behavior\BuildLiteBehavior [ RunTime:0.000000s ]
INFO: [ app_init ] --END-- [ RunTime:0.001000s ]
INFO: [ app_begin ] --START--
INFO: Run Behavior\ReadHtmlCacheBehavior [ RunTime:0.001000s ]
INFO: [ app_begin ] --END-- [ RunTime:0.001000s ]
INFO: [ view_parse ] --START--
INFO: [ template_filter ] --START--
INFO: Run Behavior\ContentReplaceBehavior [ RunTime:0.000000s ]
INFO: [ template_filter ] --END-- [ RunTime:0.000000s ]
INFO: Run Behavior\ParseTemplateBehavior [ RunTime:0.012001s ]
INFO: [ view_parse ] --END-- [ RunTime:0.012001s ]
INFO: [ view_filter ] --START--
INFO: Run Behavior\WriteHtmlCacheBehavior [ RunTime:0.000000s ]
INFO: [ view_filter ] --END-- [ RunTime:0.000000s ]
INFO: [ app_end ] --START--
INFO: Run Behavior\ShowPageTraceBehavior [ RunTime:0.000000s ]
INFO: [ app_end ] --END-- [ RunTime:0.001000s ]

[ 2017-07-31T11:25:56+08:00 ] ::1 /erongchuang/index.php/Admin/Index/index.html
INFO: [ app_init ] --START--
INFO: Run Behavior\BuildLiteBehavior [ RunTime:0.000000s ]
INFO: [ app_init ] --END-- [ RunTime:0.001001s ]
INFO: [ app_begin ] --START--
INFO: Run Behavior\ReadHtmlCacheBehavior [ RunTime:0.001000s ]
INFO: [ app_begin ] --END-- [ RunTime:0.001000s ]
INFO: [ view_parse ] --START--
INFO: [ template_filter ] --START--
INFO: Run Behavior\ContentReplaceBehavior [ RunTime:0.000000s ]
INFO: [ template_filter ] --END-- [ RunTime:0.000000s ]
INFO: Run Behavior\ParseTemplateBehavior [ RunTime:0.011000s ]
INFO: [ view_parse ] --END-- [ RunTime:0.011000s ]
INFO: [ view_filter ] --START--
INFO: Run Behavior\WriteHtmlCacheBehavior [ RunTime:0.000000s ]
INFO: [ view_filter ] --END-- [ RunTime:0.001001s ]
INFO: [ app_end ] --START--
INFO: Run Behavior\ShowPageTraceBehavior [ RunTime:0.000000s ]
INFO: [ app_end ] --END-- [ RunTime:0.001000s ]

[ 2017-07-31T11:25:58+08:00 ] ::1 /erongchuang/index.php/Admin/Company/index.html
INFO: [ app_init ] --START--
INFO: Run Behavior\BuildLiteBehavior [ RunTime:0.000000s ]
INFO: [ app_init ] --END-- [ RunTime:0.001000s ]
INFO: [ app_begin ] --START--
INFO: Run Behavior\ReadHtmlCacheBehavior [ RunTime:0.001000s ]
INFO: [ app_begin ] --END-- [ RunTime:0.001000s ]
SQL: SHOW COLUMNS FROM `admin_info` [ RunTime:0.0000s ]
SQL: SELECT * FROM `admin_info` ORDER BY id asc LIMIT 0,1   [ RunTime:0.0000s ]
ERR: 模板不存在:./Application/Admin/View/Company/index.html

[ 2017-07-31T11:26:28+08:00 ] ::1 /erongchuang/index.php/Admin/Index/index.html
INFO: [ app_init ] --START--
INFO: Run Behavior\BuildLiteBehavior [ RunTime:0.000000s ]
INFO: [ app_init ] --END-- [ RunTime:0.001000s ]
INFO: [ app_begin ] --START--
INFO: Run Behavior\ReadHtmlCacheBehavior [ RunTime:0.000000s ]
INFO: [ app_begin ] --END-- [ RunTime:0.001000s ]
INFO: [ view_parse ] --START--
INFO: [ template_filter ] --START--
INFO: Run Behavior\ContentReplaceBehavior [ RunTime:0.000000s ]
INFO: [ template_filter ] --END-- [ RunTime:0.000000s ]
INFO: Run Behavior\ParseTemplateBehavior [ RunTime:0.012001s ]
INFO: [ view_parse ] --END-- [ RunTime:0.012001s ]
INFO: [ view_filter ] --START--
INFO: Run Behavior\WriteHtmlCacheBehavior [ RunTime:0.001000s ]
INFO: [ view_filter ] --END-- [ RunTime:0.001000s ]
INFO: [ app_end ] --START--
INFO: Run Behavior\ShowPageTraceBehavior [ RunTime:0.001000s ]
INFO: [ app_end ] --END-- [ RunTime:0.001000s ]

[ 2017-07-31T11:26:29+08:00 ] ::1 /erongchuang/index.php/Admin/Company/index.html
INFO: [ app_init ] --START--
INFO: Run Behavior\BuildLiteBehavior [ RunTime:0.000000s ]
INFO: [ app_init ] --END-- [ RunTime:0.000000s ]
INFO: [ app_begin ] --START--
INFO: Run Behavior\ReadHtmlCacheBehavior [ RunTime:0.001000s ]
INFO: [ app_begin ] --END-- [ RunTime:0.001000s ]
SQL: SHOW COLUMNS FROM `admin_info` [ RunTime:0.0010s ]
SQL: SELECT * FROM `admin_info` ORDER BY id asc LIMIT 0,1   [ RunTime:0.0000s ]
INFO: [ view_parse ] --START--
INFO: [ template_filter ] --START--
INFO: Run Behavior\ContentReplaceBehavior [ RunTime:0.000000s ]
INFO: [ template_filter ] --END-- [ RunTime:0.000000s ]
INFO: Run Behavior\ParseTemplateBehavior [ RunTime:0.012000s ]
INFO: [ view_parse ] --END-- [ RunTime:0.012000s ]
INFO: [ view_filter ] --START--
INFO: Run Behavior\WriteHtmlCacheBehavior [ RunTime:0.000000s ]
INFO: [ view_filter ] --END-- [ RunTime:0.001000s ]
INFO: [ app_end ] --START--
INFO: Run Behavior\ShowPageTraceBehavior [ RunTime:0.001000s ]
INFO: [ app_end ] --END-- [ RunTime:0.001000s ]

[ 2017-07-31T11:27:25+08:00 ] ::1 /erongchuang/index.php/Admin/Company/index.html
INFO: [ app_init ] --START--
INFO: Run Behavior\BuildLiteBehavior [ RunTime:0.000000s ]
INFO: [ app_init ] --END-- [ RunTime:0.000000s ]
INFO: [ app_begin ] --START--
INFO: Run Behavior\ReadHtmlCacheBehavior [ RunTime:0.001001s ]
INFO: [ app_begin ] --END-- [ RunTime:0.001001s ]
SQL: SHOW COLUMNS FROM `admin_info` [ RunTime:0.0010s ]
SQL: SELECT * FROM `admin_info` ORDER BY id asc LIMIT 0,1   [ RunTime:0.0000s ]
INFO: [ view_parse ] --START--
INFO: [ template_filter ] --START--
INFO: Run Behavior\ContentReplaceBehavior [ RunTime:0.001000s ]
INFO: [ template_filter ] --END-- [ RunTime:0.001000s ]
INFO: Run Behavior\ParseTemplateBehavior [ RunTime:0.013000s ]
INFO: [ view_parse ] --END-- [ RunTime:0.013000s ]
INFO: [ view_filter ] --START--
INFO: Run Behavior\WriteHtmlCacheBehavior [ RunTime:0.001000s ]
INFO: [ view_filter ] --END-- [ RunTime:0.001000s ]
INFO: [ app_end ] --START--
INFO: Run Behavior\ShowPageTraceBehavior [ RunTime:0.001001s ]
INFO: [ app_end ] --END-- [ RunTime:0.001001s ]

[ 2017-07-31T18:21:14+08:00 ] 119.136.112.40 /erongchuang/admin
INFO: [ app_init ] --START--
INFO: Run Behavior\BuildLiteBehavior [ RunTime:0.000000s ]
INFO: [ app_init ] --END-- [ RunTime:0.000974s ]
INFO: [ app_begin ] --START--
INFO: Run Behavior\ReadHtmlCacheBehavior [ RunTime:0.000974s ]
INFO: [ app_begin ] --END-- [ RunTime:0.000974s ]
INFO: [ view_parse ] --START--
INFO: [ template_filter ] --START--
INFO: Run Behavior\ContentReplaceBehavior [ RunTime:0.000000s ]
INFO: [ template_filter ] --END-- [ RunTime:0.000000s ]
INFO: Run Behavior\ParseTemplateBehavior [ RunTime:0.009743s ]
INFO: [ view_parse ] --END-- [ RunTime:0.009743s ]
INFO: [ view_filter ] --START--
INFO: Run Behavior\WriteHtmlCacheBehavior [ RunTime:0.000000s ]
INFO: [ view_filter ] --END-- [ RunTime:0.000000s ]

[ 2017-07-31T18:21:15+08:00 ] 119.136.112.40 /erongchuang/index.php/Admin/Login/login.html
INFO: [ app_init ] --START--
INFO: Run Behavior\BuildLiteBehavior [ RunTime:0.000000s ]
INFO: [ app_init ] --END-- [ RunTime:0.000000s ]
INFO: [ app_begin ] --START--
INFO: Run Behavior\ReadHtmlCacheBehavior [ RunTime:0.000974s ]
INFO: [ app_begin ] --END-- [ RunTime:0.000974s ]
INFO: [ view_parse ] --START--
INFO: [ template_filter ] --START--
INFO: Run Behavior\ContentReplaceBehavior [ RunTime:0.000974s ]
INFO: [ template_filter ] --END-- [ RunTime:0.000974s ]
INFO: Run Behavior\ParseTemplateBehavior [ RunTime:0.011691s ]
INFO: [ view_parse ] --END-- [ RunTime:0.011691s ]
INFO: [ view_filter ] --START--
INFO: Run Behavior\WriteHtmlCacheBehavior [ RunTime:0.000000s ]
INFO: [ view_filter ] --END-- [ RunTime:0.000975s ]
INFO: [ app_end ] --START--
INFO: Run Behavior\ShowPageTraceBehavior [ RunTime:0.000000s ]
INFO: [ app_end ] --END-- [ RunTime:0.000974s ]

[ 2017-07-31T18:21:33+08:00 ] 119.136.112.40 /erongchuang/index.php/Admin/Login/login.html
INFO: [ app_init ] --START--
INFO: Run Behavior\BuildLiteBehavior [ RunTime:0.000000s ]
INFO: [ app_init ] --END-- [ RunTime:0.000974s ]
INFO: [ app_begin ] --START--
INFO: Run Behavior\ReadHtmlCacheBehavior [ RunTime:0.000974s ]
INFO: [ app_begin ] --END-- [ RunTime:0.000974s ]
SQL: SHOW COLUMNS FROM `admin_login` [ RunTime:0.0000s ]
SQL: SELECT * FROM `admin_login` WHERE ( username='admin' AND password='admin1234' ) LIMIT 1   [ RunTime:0.0000s ]
NOTIC: [8192] mysql_get_server_info(): The mysql extension is deprecated and will be removed in the future: use mysqli or PDO instead C:\wamp\www\erongchuang\Application\Admin\Controller\LoginController.class.php 第 19 行.
NOTIC: [2] mysql_get_server_info(): Access denied for user ''@'localhost' (using password: NO) C:\wamp\www\erongchuang\Application\Admin\Controller\LoginController.class.php 第 19 行.
NOTIC: [2] mysql_get_server_info(): A link to the server could not be established C:\wamp\www\erongchuang\Application\Admin\Controller\LoginController.class.php 第 19 行.
NOTIC: [8192] mysql_get_server_info(): The mysql extension is deprecated and will be removed in the future: use mysqli or PDO instead C:\wamp\www\erongchuang\Application\Admin\Controller\LoginController.class.php 第 29 行.
NOTIC: [2] mysql_get_server_info(): Access denied for user ''@'localhost' (using password: NO) C:\wamp\www\erongchuang\Application\Admin\Controller\LoginController.class.php 第 29 行.
NOTIC: [2] mysql_get_server_info(): A link to the server could not be established C:\wamp\www\erongchuang\Application\Admin\Controller\LoginController.class.php 第 29 行.
SQL: UPDATE `admin_login` SET `logtime`='1501496493',`logip`='119.136.112.40',`os`='WINNT',`vs`='5.6.25',`ql`='' WHERE ( username='admin' ) [ RunTime:0.0010s ]

[ 2017-07-31T18:21:35+08:00 ] 119.136.112.40 /erongchuang/index.php/Admin/Index/index.html
INFO: [ app_init ] --START--
INFO: Run Behavior\BuildLiteBehavior [ RunTime:0.000000s ]
INFO: [ app_init ] --END-- [ RunTime:0.000975s ]
INFO: [ app_begin ] --START--
INFO: Run Behavior\ReadHtmlCacheBehavior [ RunTime:0.000975s ]
INFO: [ app_begin ] --END-- [ RunTime:0.000975s ]
INFO: [ view_parse ] --START--
INFO: [ template_filter ] --START--
INFO: Run Behavior\ContentReplaceBehavior [ RunTime:0.000000s ]
INFO: [ template_filter ] --END-- [ RunTime:0.000974s ]
INFO: Run Behavior\ParseTemplateBehavior [ RunTime:0.019486s ]
INFO: [ view_parse ] --END-- [ RunTime:0.019486s ]
INFO: [ view_filter ] --START--
INFO: Run Behavior\WriteHtmlCacheBehavior [ RunTime:0.000974s ]
INFO: [ view_filter ] --END-- [ RunTime:0.000974s ]
INFO: [ app_end ] --START--
INFO: Run Behavior\ShowPageTraceBehavior [ RunTime:0.000974s ]
INFO: [ app_end ] --END-- [ RunTime:0.000974s ]

[ 2017-07-31T18:21:39+08:00 ] 119.136.112.40 /erongchuang/index.php/Admin/Anli/class_list.html
INFO: [ app_init ] --START--
INFO: Run Behavior\BuildLiteBehavior [ RunTime:0.000000s ]
INFO: [ app_init ] --END-- [ RunTime:0.000974s ]
INFO: [ app_begin ] --START--
INFO: Run Behavior\ReadHtmlCacheBehavior [ RunTime:0.000974s ]
INFO: [ app_begin ] --END-- [ RunTime:0.001948s ]
SQL: SHOW COLUMNS FROM `admin_anli` [ RunTime:0.0000s ]
SQL: SELECT COUNT(*) AS tp_count FROM `admin_anli` LIMIT 1   [ RunTime:0.0000s ]
SQL: SELECT * FROM `admin_anli` ORDER BY id desc LIMIT 0,20   [ RunTime:0.0000s ]
INFO: [ view_parse ] --START--
INFO: [ template_filter ] --START--
INFO: Run Behavior\ContentReplaceBehavior [ RunTime:0.000000s ]
INFO: [ template_filter ] --END-- [ RunTime:0.000000s ]
INFO: Run Behavior\ParseTemplateBehavior [ RunTime:0.032152s ]
INFO: [ view_parse ] --END-- [ RunTime:0.033126s ]
INFO: [ view_filter ] --START--
INFO: Run Behavior\WriteHtmlCacheBehavior [ RunTime:0.000974s ]
INFO: [ view_filter ] --END-- [ RunTime:0.000974s ]
INFO: [ app_end ] --START--
INFO: Run Behavior\ShowPageTraceBehavior [ RunTime:0.000974s ]
INFO: [ app_end ] --END-- [ RunTime:0.000974s ]

[ 2017-07-31T19:12:24+08:00 ] 119.136.112.40 /erongchuang/admin
INFO: [ app_init ] --START--
INFO: Run Behavior\BuildLiteBehavior [ RunTime:0.000000s ]
INFO: [ app_init ] --END-- [ RunTime:0.000000s ]
INFO: [ app_begin ] --START--
INFO: Run Behavior\ReadHtmlCacheBehavior [ RunTime:0.000000s ]
INFO: [ app_begin ] --END-- [ RunTime:0.000000s ]
INFO: [ view_parse ] --START--
INFO: [ template_filter ] --START--
INFO: Run Behavior\ContentReplaceBehavior [ RunTime:0.000000s ]
INFO: [ template_filter ] --END-- [ RunTime:0.000000s ]
INFO: Run Behavior\ParseTemplateBehavior [ RunTime:0.031201s ]
INFO: [ view_parse ] --END-- [ RunTime:0.031201s ]
INFO: [ view_filter ] --START--
INFO: Run Behavior\WriteHtmlCacheBehavior [ RunTime:0.000000s ]
INFO: [ view_filter ] --END-- [ RunTime:0.000000s ]
INFO: [ app_end ] --START--
INFO: Run Behavior\ShowPageTraceBehavior [ RunTime:0.000000s ]
INFO: [ app_end ] --END-- [ RunTime:0.000000s ]

[ 2017-07-31T19:12:30+08:00 ] 119.136.112.40 /erongchuang/index.php/Admin/Service/index.html
INFO: [ app_init ] --START--
INFO: Run Behavior\BuildLiteBehavior [ RunTime:0.000000s ]
INFO: [ app_init ] --END-- [ RunTime:0.000000s ]
INFO: [ app_begin ] --START--
INFO: Run Behavior\ReadHtmlCacheBehavior [ RunTime:0.000000s ]
INFO: [ app_begin ] --END-- [ RunTime:0.000000s ]
SQL: SHOW COLUMNS FROM `admin_service` [ RunTime:0.0000s ]
SQL: SELECT COUNT(*) AS tp_count FROM `admin_service` LIMIT 1   [ RunTime:0.0000s ]
SQL: SELECT * FROM `admin_service` WHERE ( status=1 ) ORDER BY id asc LIMIT 0,10   [ RunTime:0.0000s ]
INFO: [ view_parse ] --START--
INFO: [ template_filter ] --START--
INFO: Run Behavior\ContentReplaceBehavior [ RunTime:0.000000s ]
INFO: [ template_filter ] --END-- [ RunTime:0.000000s ]
SQL: SELECT * FROM `admin_service` WHERE `pid` = 1 ORDER BY id desc  [ RunTime:0.0000s ]
SQL: SELECT * FROM `admin_service` WHERE `pid` = 2 ORDER BY id desc  [ RunTime:0.0000s ]
SQL: SELECT * FROM `admin_service` WHERE `pid` = 3 ORDER BY id desc  [ RunTime:0.0156s ]
SQL: SELECT * FROM `admin_service` WHERE `pid` = 4 ORDER BY id desc  [ RunTime:0.0000s ]
SQL: SELECT * FROM `admin_service` WHERE `pid` = 5 ORDER BY id desc  [ RunTime:0.0000s ]
SQL: SELECT * FROM `admin_service` WHERE `pid` = 6 ORDER BY id desc  [ RunTime:0.0000s ]
SQL: SELECT * FROM `admin_service` WHERE `pid` = 7 ORDER BY id desc  [ RunTime:0.0000s ]
SQL: SELECT * FROM `admin_service` WHERE `pid` = 8 ORDER BY id desc  [ RunTime:0.0000s ]
SQL: SELECT * FROM `admin_service` WHERE `pid` = 9 ORDER BY id desc  [ RunTime:0.0000s ]
SQL: SELECT * FROM `admin_service` WHERE `pid` = 10 ORDER BY id desc  [ RunTime:0.0000s ]
INFO: Run Behavior\ParseTemplateBehavior [ RunTime:0.062402s ]
INFO: [ view_parse ] --END-- [ RunTime:0.062402s ]
INFO: [ view_filter ] --START--
INFO: Run Behavior\WriteHtmlCacheBehavior [ RunTime:0.000000s ]
INFO: [ view_filter ] --END-- [ RunTime:0.000000s ]
INFO: [ app_end ] --START--
INFO: Run Behavior\ShowPageTraceBehavior [ RunTime:0.000000s ]
INFO: [ app_end ] --END-- [ RunTime:0.000000s ]

[ 2017-07-31T19:12:40+08:00 ] 119.136.112.40 /erongchuang/index.php/Admin/Service/edit/id/16.html
INFO: [ app_init ] --START--
INFO: Run Behavior\BuildLiteBehavior [ RunTime:0.000000s ]
INFO: [ app_init ] --END-- [ RunTime:0.000000s ]
INFO: [ app_begin ] --START--
INFO: Run Behavior\ReadHtmlCacheBehavior [ RunTime:0.000000s ]
INFO: [ app_begin ] --END-- [ RunTime:0.000000s ]
SQL: SHOW COLUMNS FROM `admin_service` [ RunTime:0.0000s ]
SQL: SELECT * FROM `admin_service` WHERE ( id=16 ) LIMIT 1   [ RunTime:0.0000s ]
INFO: [ view_parse ] --START--
INFO: [ template_filter ] --START--
INFO: Run Behavior\ContentReplaceBehavior [ RunTime:0.000000s ]
INFO: [ template_filter ] --END-- [ RunTime:0.000000s ]
INFO: Run Behavior\ParseTemplateBehavior [ RunTime:0.015601s ]
INFO: [ view_parse ] --END-- [ RunTime:0.015601s ]
INFO: [ view_filter ] --START--
INFO: Run Behavior\WriteHtmlCacheBehavior [ RunTime:0.000000s ]
INFO: [ view_filter ] --END-- [ RunTime:0.000000s ]
INFO: [ app_end ] --START--
INFO: Run Behavior\ShowPageTraceBehavior [ RunTime:0.000000s ]
INFO: [ app_end ] --END-- [ RunTime:0.000000s ]

[ 2017-07-31T19:12:48+08:00 ] 119.136.112.40 /erongchuang/index.php/Admin/Service/edit/id/16.html
INFO: [ app_init ] --START--
INFO: Run Behavior\BuildLiteBehavior [ RunTime:0.000000s ]
INFO: [ app_init ] --END-- [ RunTime:0.000000s ]
INFO: [ app_begin ] --START--
INFO: Run Behavior\ReadHtmlCacheBehavior [ RunTime:0.000000s ]
INFO: [ app_begin ] --END-- [ RunTime:0.000000s ]
SQL: SHOW COLUMNS FROM `admin_service` [ RunTime:0.0000s ]
SQL: SELECT * FROM `admin_service` WHERE ( id=16 ) LIMIT 1   [ RunTime:0.0000s ]
SQL: UPDATE `admin_service` SET `title`='城市云解决方案',`content`='  近年来，伴随着计算机及网络技术的飞速发展，数字化潮流已是全球经济发展的必然趋势。        ' WHERE ( id=16 ) [ RunTime:0.0000s ]

[ 2017-07-31T19:12:49+08:00 ] 119.136.112.40 /erongchuang/index.php/Admin/Service/index.html
INFO: [ app_init ] --START--
INFO: Run Behavior\BuildLiteBehavior [ RunTime:0.000000s ]
INFO: [ app_init ] --END-- [ RunTime:0.000000s ]
INFO: [ app_begin ] --START--
INFO: Run Behavior\ReadHtmlCacheBehavior [ RunTime:0.000000s ]
INFO: [ app_begin ] --END-- [ RunTime:0.000000s ]
SQL: SHOW COLUMNS FROM `admin_service` [ RunTime:0.0000s ]
SQL: SELECT COUNT(*) AS tp_count FROM `admin_service` LIMIT 1   [ RunTime:0.0000s ]
SQL: SELECT * FROM `admin_service` WHERE ( status=1 ) ORDER BY id asc LIMIT 0,10   [ RunTime:0.0000s ]
INFO: [ view_parse ] --START--
INFO: [ template_filter ] --START--
INFO: Run Behavior\ContentReplaceBehavior [ RunTime:0.000000s ]
INFO: [ template_filter ] --END-- [ RunTime:0.000000s ]
SQL: SELECT * FROM `admin_service` WHERE `pid` = 1 ORDER BY id desc  [ RunTime:0.0000s ]
SQL: SELECT * FROM `admin_service` WHERE `pid` = 2 ORDER BY id desc  [ RunTime:0.0000s ]
SQL: SELECT * FROM `admin_service` WHERE `pid` = 3 ORDER BY id desc  [ RunTime:0.0000s ]
SQL: SELECT * FROM `admin_service` WHERE `pid` = 4 ORDER BY id desc  [ RunTime:0.0000s ]
SQL: SELECT * FROM `admin_service` WHERE `pid` = 5 ORDER BY id desc  [ RunTime:0.0000s ]
SQL: SELECT * FROM `admin_service` WHERE `pid` = 6 ORDER BY id desc  [ RunTime:0.0000s ]
SQL: SELECT * FROM `admin_service` WHERE `pid` = 7 ORDER BY id desc  [ RunTime:0.0000s ]
SQL: SELECT * FROM `admin_service` WHERE `pid` = 8 ORDER BY id desc  [ RunTime:0.0000s ]
SQL: SELECT * FROM `admin_service` WHERE `pid` = 9 ORDER BY id desc  [ RunTime:0.0000s ]
SQL: SELECT * FROM `admin_service` WHERE `pid` = 10 ORDER BY id desc  [ RunTime:0.0156s ]
INFO: Run Behavior\ParseTemplateBehavior [ RunTime:0.062402s ]
INFO: [ view_parse ] --END-- [ RunTime:0.062402s ]
INFO: [ view_filter ] --START--
INFO: Run Behavior\WriteHtmlCacheBehavior [ RunTime:0.000000s ]
INFO: [ view_filter ] --END-- [ RunTime:0.000000s ]
INFO: [ app_end ] --START--
INFO: Run Behavior\ShowPageTraceBehavior [ RunTime:0.000000s ]
INFO: [ app_end ] --END-- [ RunTime:0.000000s ]

